{"/Users/jaakkorajala/undo-redo/src/App.tsx": {"path":"/Users/jaakkorajala/undo-redo/src/App.tsx","all":true,"statementMap":{"0":{"start":{"line":1,"column":0},"end":{"line":1,"column":31}},"1":{"start":{"line":2,"column":0},"end":{"line":2,"column":19}},"2":{"start":{"line":3,"column":0},"end":{"line":3,"column":61}},"3":{"start":{"line":4,"column":0},"end":{"line":4,"column":67}},"4":{"start":{"line":5,"column":0},"end":{"line":5,"column":73}},"5":{"start":{"line":6,"column":0},"end":{"line":6,"column":87}},"6":{"start":{"line":7,"column":0},"end":{"line":7,"column":99}},"8":{"start":{"line":9,"column":0},"end":{"line":9,"column":16}},"10":{"start":{"line":11,"column":0},"end":{"line":11,"column":48}},"11":{"start":{"line":12,"column":0},"end":{"line":12,"column":52}},"12":{"start":{"line":13,"column":0},"end":{"line":13,"column":51}},"13":{"start":{"line":14,"column":0},"end":{"line":14,"column":54}},"14":{"start":{"line":15,"column":0},"end":{"line":15,"column":51}},"17":{"start":{"line":18,"column":0},"end":{"line":18,"column":76}},"18":{"start":{"line":19,"column":0},"end":{"line":19,"column":22}},"20":{"start":{"line":21,"column":0},"end":{"line":21,"column":73}},"21":{"start":{"line":22,"column":0},"end":{"line":22,"column":5}},"22":{"start":{"line":23,"column":0},"end":{"line":23,"column":4}},"24":{"start":{"line":25,"column":0},"end":{"line":25,"column":10}},"25":{"start":{"line":26,"column":0},"end":{"line":26,"column":35}},"26":{"start":{"line":27,"column":0},"end":{"line":27,"column":14}},"27":{"start":{"line":28,"column":0},"end":{"line":28,"column":12}},"29":{"start":{"line":30,"column":0},"end":{"line":30,"column":15}},"30":{"start":{"line":31,"column":0},"end":{"line":31,"column":20}},"31":{"start":{"line":32,"column":0},"end":{"line":32,"column":67}},"32":{"start":{"line":33,"column":0},"end":{"line":33,"column":33}},"33":{"start":{"line":34,"column":0},"end":{"line":34,"column":30}},"34":{"start":{"line":35,"column":0},"end":{"line":35,"column":14}},"35":{"start":{"line":36,"column":0},"end":{"line":36,"column":11}},"37":{"start":{"line":38,"column":0},"end":{"line":38,"column":17}},"39":{"start":{"line":40,"column":0},"end":{"line":40,"column":13}},"40":{"start":{"line":41,"column":0},"end":{"line":41,"column":11}},"42":{"start":{"line":43,"column":0},"end":{"line":43,"column":12}},"44":{"start":{"line":45,"column":0},"end":{"line":45,"column":30}},"45":{"start":{"line":46,"column":0},"end":{"line":46,"column":60}},"47":{"start":{"line":48,"column":0},"end":{"line":48,"column":19}},"48":{"start":{"line":49,"column":0},"end":{"line":49,"column":64}},"50":{"start":{"line":51,"column":0},"end":{"line":51,"column":19}},"51":{"start":{"line":52,"column":0},"end":{"line":52,"column":63}},"53":{"start":{"line":54,"column":0},"end":{"line":54,"column":19}},"54":{"start":{"line":55,"column":0},"end":{"line":55,"column":66}},"56":{"start":{"line":57,"column":0},"end":{"line":57,"column":19}},"57":{"start":{"line":58,"column":0},"end":{"line":58,"column":63}},"59":{"start":{"line":60,"column":0},"end":{"line":60,"column":19}},"60":{"start":{"line":61,"column":0},"end":{"line":61,"column":14}},"61":{"start":{"line":62,"column":0},"end":{"line":62,"column":15}},"63":{"start":{"line":64,"column":0},"end":{"line":64,"column":12}},"64":{"start":{"line":65,"column":0},"end":{"line":65,"column":59}},"65":{"start":{"line":66,"column":0},"end":{"line":66,"column":48}},"66":{"start":{"line":67,"column":0},"end":{"line":67,"column":43}},"67":{"start":{"line":68,"column":0},"end":{"line":68,"column":19}},"68":{"start":{"line":69,"column":0},"end":{"line":69,"column":37}},"69":{"start":{"line":70,"column":0},"end":{"line":70,"column":77}},"70":{"start":{"line":71,"column":0},"end":{"line":71,"column":13}},"72":{"start":{"line":73,"column":0},"end":{"line":73,"column":21}},"73":{"start":{"line":74,"column":0},"end":{"line":74,"column":16}},"74":{"start":{"line":75,"column":0},"end":{"line":75,"column":14}},"76":{"start":{"line":77,"column":0},"end":{"line":77,"column":67}},"77":{"start":{"line":78,"column":0},"end":{"line":78,"column":53}},"78":{"start":{"line":79,"column":0},"end":{"line":79,"column":43}},"79":{"start":{"line":80,"column":0},"end":{"line":80,"column":19}},"80":{"start":{"line":81,"column":0},"end":{"line":81,"column":37}},"81":{"start":{"line":82,"column":0},"end":{"line":82,"column":77}},"82":{"start":{"line":83,"column":0},"end":{"line":83,"column":13}},"84":{"start":{"line":85,"column":0},"end":{"line":85,"column":21}},"85":{"start":{"line":86,"column":0},"end":{"line":86,"column":16}},"86":{"start":{"line":87,"column":0},"end":{"line":87,"column":14}},"88":{"start":{"line":89,"column":0},"end":{"line":89,"column":66}},"89":{"start":{"line":90,"column":0},"end":{"line":90,"column":56}},"90":{"start":{"line":91,"column":0},"end":{"line":91,"column":43}},"91":{"start":{"line":92,"column":0},"end":{"line":92,"column":19}},"92":{"start":{"line":93,"column":0},"end":{"line":93,"column":37}},"93":{"start":{"line":94,"column":0},"end":{"line":94,"column":77}},"94":{"start":{"line":95,"column":0},"end":{"line":95,"column":13}},"96":{"start":{"line":97,"column":0},"end":{"line":97,"column":21}},"97":{"start":{"line":98,"column":0},"end":{"line":98,"column":16}},"98":{"start":{"line":99,"column":0},"end":{"line":99,"column":14}},"100":{"start":{"line":101,"column":0},"end":{"line":101,"column":71}},"101":{"start":{"line":102,"column":0},"end":{"line":102,"column":64}},"102":{"start":{"line":103,"column":0},"end":{"line":103,"column":43}},"103":{"start":{"line":104,"column":0},"end":{"line":104,"column":19}},"104":{"start":{"line":105,"column":0},"end":{"line":105,"column":37}},"105":{"start":{"line":106,"column":0},"end":{"line":106,"column":77}},"106":{"start":{"line":107,"column":0},"end":{"line":107,"column":13}},"108":{"start":{"line":109,"column":0},"end":{"line":109,"column":21}},"109":{"start":{"line":110,"column":0},"end":{"line":110,"column":16}},"110":{"start":{"line":111,"column":0},"end":{"line":111,"column":14}},"112":{"start":{"line":113,"column":0},"end":{"line":113,"column":65}},"113":{"start":{"line":114,"column":0},"end":{"line":114,"column":60}},"114":{"start":{"line":115,"column":0},"end":{"line":115,"column":43}},"115":{"start":{"line":116,"column":0},"end":{"line":116,"column":19}},"116":{"start":{"line":117,"column":0},"end":{"line":117,"column":37}},"117":{"start":{"line":118,"column":0},"end":{"line":118,"column":77}},"118":{"start":{"line":119,"column":0},"end":{"line":119,"column":13}},"120":{"start":{"line":121,"column":0},"end":{"line":121,"column":21}},"121":{"start":{"line":122,"column":0},"end":{"line":122,"column":16}},"122":{"start":{"line":123,"column":0},"end":{"line":123,"column":14}},"123":{"start":{"line":124,"column":0},"end":{"line":124,"column":13}},"125":{"start":{"line":126,"column":0},"end":{"line":126,"column":14}},"126":{"start":{"line":127,"column":0},"end":{"line":127,"column":11}},"127":{"start":{"line":128,"column":0},"end":{"line":128,"column":12}},"128":{"start":{"line":129,"column":0},"end":{"line":129,"column":53}},"129":{"start":{"line":130,"column":0},"end":{"line":130,"column":27}},"130":{"start":{"line":131,"column":0},"end":{"line":131,"column":37}},"131":{"start":{"line":132,"column":0},"end":{"line":132,"column":11}},"133":{"start":{"line":134,"column":0},"end":{"line":134,"column":19}},"135":{"start":{"line":136,"column":0},"end":{"line":136,"column":12}},"136":{"start":{"line":137,"column":0},"end":{"line":137,"column":15}},"137":{"start":{"line":138,"column":0},"end":{"line":138,"column":10}},"139":{"start":{"line":140,"column":0},"end":{"line":140,"column":1}},"141":{"start":{"line":142,"column":0},"end":{"line":142,"column":19}}},"s":{"0":0,"1":0,"2":0,"3":0,"4":0,"5":0,"6":0,"8":0,"10":0,"11":0,"12":0,"13":0,"14":0,"17":0,"18":0,"20":0,"21":0,"22":0,"24":0,"25":0,"26":0,"27":0,"29":0,"30":0,"31":0,"32":0,"33":0,"34":0,"35":0,"37":0,"39":0,"40":0,"42":0,"44":0,"45":0,"47":0,"48":0,"50":0,"51":0,"53":0,"54":0,"56":0,"57":0,"59":0,"60":0,"61":0,"63":0,"64":0,"65":0,"66":0,"67":0,"68":0,"69":0,"70":0,"72":0,"73":0,"74":0,"76":0,"77":0,"78":0,"79":0,"80":0,"81":0,"82":0,"84":0,"85":0,"86":0,"88":0,"89":0,"90":0,"91":0,"92":0,"93":0,"94":0,"96":0,"97":0,"98":0,"100":0,"101":0,"102":0,"103":0,"104":0,"105":0,"106":0,"108":0,"109":0,"110":0,"112":0,"113":0,"114":0,"115":0,"116":0,"117":0,"118":0,"120":0,"121":0,"122":0,"123":0,"125":0,"126":0,"127":0,"128":0,"129":0,"130":0,"131":0,"133":0,"135":0,"136":0,"137":0,"139":0,"141":0},"branchMap":{"0":{"type":"branch","line":1,"loc":{"start":{"line":1,"column":1169},"end":{"line":142,"column":-3415}},"locations":[{"start":{"line":1,"column":1169},"end":{"line":142,"column":-3415}}]}},"b":{"0":[0]},"fnMap":{"0":{"name":"(empty-report)","decl":{"start":{"line":1,"column":1169},"end":{"line":142,"column":-3415}},"loc":{"start":{"line":1,"column":1169},"end":{"line":142,"column":-3415}},"line":1}},"f":{"0":0}}
,"/Users/jaakkorajala/undo-redo/src/main.tsx": {"path":"/Users/jaakkorajala/undo-redo/src/main.tsx","all":true,"statementMap":{"0":{"start":{"line":1,"column":0},"end":{"line":1,"column":34}},"1":{"start":{"line":2,"column":0},"end":{"line":2,"column":45}},"2":{"start":{"line":3,"column":0},"end":{"line":3,"column":20}},"3":{"start":{"line":4,"column":0},"end":{"line":4,"column":27}},"5":{"start":{"line":6,"column":0},"end":{"line":6,"column":52}},"6":{"start":{"line":7,"column":0},"end":{"line":7,"column":14}},"7":{"start":{"line":8,"column":0},"end":{"line":8,"column":11}},"8":{"start":{"line":9,"column":0},"end":{"line":9,"column":16}},"9":{"start":{"line":10,"column":0},"end":{"line":10,"column":1}}},"s":{"0":0,"1":0,"2":0,"3":0,"5":0,"6":0,"7":0,"8":0,"9":0},"branchMap":{"0":{"type":"branch","line":1,"loc":{"start":{"line":1,"column":203},"end":{"line":10,"column":-148}},"locations":[{"start":{"line":1,"column":203},"end":{"line":10,"column":-148}}]}},"b":{"0":[0]},"fnMap":{"0":{"name":"(empty-report)","decl":{"start":{"line":1,"column":203},"end":{"line":10,"column":-148}},"loc":{"start":{"line":1,"column":203},"end":{"line":10,"column":-148}},"line":1}},"f":{"0":0}}
,"/Users/jaakkorajala/undo-redo/src/UndoRedo/UndoRedoControlsRegistration.tsx": {"path":"/Users/jaakkorajala/undo-redo/src/UndoRedo/UndoRedoControlsRegistration.tsx","all":false,"statementMap":{"1":{"start":{"line":2,"column":0},"end":{"line":2,"column":41}},"48":{"start":{"line":49,"column":0},"end":{"line":49,"column":76}},"49":{"start":{"line":50,"column":0},"end":{"line":50,"column":18}},"50":{"start":{"line":51,"column":0},"end":{"line":51,"column":20}},"51":{"start":{"line":52,"column":0},"end":{"line":52,"column":25}},"52":{"start":{"line":53,"column":0},"end":{"line":53,"column":26}},"53":{"start":{"line":54,"column":0},"end":{"line":54,"column":15}},"54":{"start":{"line":55,"column":0},"end":{"line":55,"column":7}},"56":{"start":{"line":57,"column":0},"end":{"line":57,"column":38}},"57":{"start":{"line":58,"column":0},"end":{"line":58,"column":49}},"58":{"start":{"line":59,"column":0},"end":{"line":59,"column":4}},"60":{"start":{"line":61,"column":0},"end":{"line":61,"column":19}},"62":{"start":{"line":63,"column":0},"end":{"line":63,"column":20}},"63":{"start":{"line":64,"column":0},"end":{"line":64,"column":14}},"64":{"start":{"line":65,"column":0},"end":{"line":65,"column":18}},"65":{"start":{"line":66,"column":0},"end":{"line":66,"column":27}},"66":{"start":{"line":67,"column":0},"end":{"line":67,"column":23}},"67":{"start":{"line":68,"column":0},"end":{"line":68,"column":54}},"68":{"start":{"line":69,"column":0},"end":{"line":69,"column":14}},"69":{"start":{"line":70,"column":0},"end":{"line":70,"column":6}},"72":{"start":{"line":73,"column":0},"end":{"line":73,"column":18}},"73":{"start":{"line":74,"column":0},"end":{"line":74,"column":68}},"74":{"start":{"line":75,"column":0},"end":{"line":75,"column":6}},"75":{"start":{"line":76,"column":0},"end":{"line":76,"column":75}},"78":{"start":{"line":79,"column":0},"end":{"line":79,"column":14}},"79":{"start":{"line":80,"column":0},"end":{"line":80,"column":2}},"81":{"start":{"line":82,"column":0},"end":{"line":82,"column":44}}},"s":{"1":1,"48":1,"49":0,"50":0,"51":0,"52":0,"53":0,"54":0,"56":0,"57":0,"58":0,"60":0,"62":0,"63":0,"64":0,"65":0,"66":0,"67":0,"68":0,"69":0,"72":0,"73":0,"74":0,"75":0,"78":0,"79":0,"81":1},"branchMap":{},"b":{},"fnMap":{"0":{"name":"UndoRedoControlsRegistration","decl":{"start":{"line":49,"column":74},"end":{"line":80,"column":2}},"loc":{"start":{"line":49,"column":74},"end":{"line":80,"column":2}},"line":49}},"f":{"0":0}}
,"/Users/jaakkorajala/undo-redo/src/UndoRedo/index.tsx": {"path":"/Users/jaakkorajala/undo-redo/src/UndoRedo/index.tsx","all":false,"statementMap":{"2":{"start":{"line":3,"column":0},"end":{"line":3,"column":73}},"5":{"start":{"line":6,"column":0},"end":{"line":6,"column":8}},"11":{"start":{"line":12,"column":0},"end":{"line":12,"column":8}},"18":{"start":{"line":19,"column":0},"end":{"line":19,"column":8}},"24":{"start":{"line":25,"column":0},"end":{"line":25,"column":8}},"35":{"start":{"line":36,"column":0},"end":{"line":36,"column":8}},"51":{"start":{"line":52,"column":0},"end":{"line":52,"column":8}},"61":{"start":{"line":62,"column":0},"end":{"line":62,"column":8}},"66":{"start":{"line":67,"column":0},"end":{"line":67,"column":76}},"73":{"start":{"line":74,"column":0},"end":{"line":74,"column":89}},"101":{"start":{"line":102,"column":0},"end":{"line":102,"column":41}},"106":{"start":{"line":107,"column":0},"end":{"line":107,"column":69}},"107":{"start":{"line":108,"column":0},"end":{"line":108,"column":10}},"108":{"start":{"line":109,"column":0},"end":{"line":109,"column":27}},"109":{"start":{"line":110,"column":0},"end":{"line":110,"column":33}},"110":{"start":{"line":111,"column":0},"end":{"line":111,"column":29}},"111":{"start":{"line":112,"column":0},"end":{"line":112,"column":43}},"113":{"start":{"line":114,"column":0},"end":{"line":114,"column":16}},"114":{"start":{"line":115,"column":0},"end":{"line":115,"column":29}},"116":{"start":{"line":117,"column":0},"end":{"line":117,"column":2}}},"s":{"2":1,"5":1,"11":1,"18":1,"24":1,"35":1,"51":1,"61":1,"66":1,"73":1,"101":1,"106":1,"107":23,"108":23,"109":23,"110":23,"111":23,"113":23,"114":23,"116":23},"branchMap":{"0":{"type":"branch","line":107,"loc":{"start":{"line":107,"column":5},"end":{"line":117,"column":2}},"locations":[{"start":{"line":107,"column":5},"end":{"line":117,"column":2}}]}},"b":{"0":[23]},"fnMap":{"0":{"name":"UndoRedoProvider","decl":{"start":{"line":107,"column":5},"end":{"line":117,"column":2}},"loc":{"start":{"line":107,"column":5},"end":{"line":117,"column":2}},"line":107}},"f":{"0":23}}
,"/Users/jaakkorajala/undo-redo/src/UndoRedo/components/UndoRedoControls.tsx": {"path":"/Users/jaakkorajala/undo-redo/src/UndoRedo/components/UndoRedoControls.tsx","all":false,"statementMap":{"2":{"start":{"line":3,"column":0},"end":{"line":3,"column":69}},"31":{"start":{"line":32,"column":0},"end":{"line":32,"column":55}},"32":{"start":{"line":33,"column":0},"end":{"line":33,"column":10}},"33":{"start":{"line":34,"column":0},"end":{"line":34,"column":11}},"34":{"start":{"line":35,"column":0},"end":{"line":35,"column":11}},"35":{"start":{"line":36,"column":0},"end":{"line":36,"column":12}},"36":{"start":{"line":37,"column":0},"end":{"line":37,"column":7}},"37":{"start":{"line":38,"column":0},"end":{"line":38,"column":9}},"38":{"start":{"line":39,"column":0},"end":{"line":39,"column":21}},"39":{"start":{"line":40,"column":0},"end":{"line":40,"column":23}},"40":{"start":{"line":41,"column":0},"end":{"line":41,"column":25}},"41":{"start":{"line":42,"column":0},"end":{"line":42,"column":12}},"42":{"start":{"line":43,"column":0},"end":{"line":43,"column":21}},"43":{"start":{"line":44,"column":0},"end":{"line":44,"column":22}},"44":{"start":{"line":45,"column":0},"end":{"line":45,"column":47}},"45":{"start":{"line":46,"column":0},"end":{"line":46,"column":34}},"46":{"start":{"line":47,"column":0},"end":{"line":47,"column":6}},"48":{"start":{"line":49,"column":0},"end":{"line":49,"column":14}},"49":{"start":{"line":50,"column":0},"end":{"line":50,"column":11}},"55":{"start":{"line":56,"column":0},"end":{"line":56,"column":69}},"56":{"start":{"line":57,"column":0},"end":{"line":57,"column":48}},"62":{"start":{"line":63,"column":0},"end":{"line":63,"column":69}},"63":{"start":{"line":64,"column":0},"end":{"line":64,"column":48}},"69":{"start":{"line":70,"column":0},"end":{"line":70,"column":70}},"70":{"start":{"line":71,"column":0},"end":{"line":71,"column":57}},"80":{"start":{"line":81,"column":0},"end":{"line":81,"column":67}},"81":{"start":{"line":82,"column":0},"end":{"line":82,"column":33}},"82":{"start":{"line":83,"column":0},"end":{"line":83,"column":33}},"83":{"start":{"line":84,"column":0},"end":{"line":84,"column":35}},"84":{"start":{"line":85,"column":0},"end":{"line":85,"column":12}},"85":{"start":{"line":86,"column":0},"end":{"line":86,"column":23}},"86":{"start":{"line":87,"column":0},"end":{"line":87,"column":32}},"87":{"start":{"line":88,"column":0},"end":{"line":88,"column":42}},"88":{"start":{"line":89,"column":0},"end":{"line":89,"column":7}},"89":{"start":{"line":90,"column":0},"end":{"line":90,"column":9}},"90":{"start":{"line":91,"column":0},"end":{"line":91,"column":12}},"91":{"start":{"line":92,"column":0},"end":{"line":92,"column":12}},"92":{"start":{"line":93,"column":0},"end":{"line":93,"column":9}},"93":{"start":{"line":94,"column":0},"end":{"line":94,"column":9}},"94":{"start":{"line":95,"column":0},"end":{"line":95,"column":10}},"95":{"start":{"line":96,"column":0},"end":{"line":96,"column":17}},"96":{"start":{"line":97,"column":0},"end":{"line":97,"column":22}},"97":{"start":{"line":98,"column":0},"end":{"line":98,"column":26}},"100":{"start":{"line":101,"column":0},"end":{"line":101,"column":29}},"101":{"start":{"line":102,"column":0},"end":{"line":102,"column":106}},"102":{"start":{"line":103,"column":0},"end":{"line":103,"column":3}},"105":{"start":{"line":106,"column":0},"end":{"line":106,"column":10}},"106":{"start":{"line":107,"column":0},"end":{"line":107,"column":66}},"107":{"start":{"line":108,"column":0},"end":{"line":108,"column":55}},"108":{"start":{"line":109,"column":0},"end":{"line":109,"column":67}},"109":{"start":{"line":110,"column":0},"end":{"line":110,"column":55}},"110":{"start":{"line":111,"column":0},"end":{"line":111,"column":33}},"111":{"start":{"line":112,"column":0},"end":{"line":112,"column":46}},"112":{"start":{"line":113,"column":0},"end":{"line":113,"column":16}},"113":{"start":{"line":114,"column":0},"end":{"line":114,"column":27}},"114":{"start":{"line":115,"column":0},"end":{"line":115,"column":34}},"115":{"start":{"line":116,"column":0},"end":{"line":116,"column":40}},"116":{"start":{"line":117,"column":0},"end":{"line":117,"column":12}},"117":{"start":{"line":118,"column":0},"end":{"line":118,"column":28}},"118":{"start":{"line":119,"column":0},"end":{"line":119,"column":16}},"120":{"start":{"line":121,"column":0},"end":{"line":121,"column":10}},"122":{"start":{"line":123,"column":0},"end":{"line":123,"column":2}},"124":{"start":{"line":125,"column":0},"end":{"line":125,"column":32}}},"s":{"2":1,"31":1,"32":259,"33":259,"34":259,"35":259,"36":259,"37":259,"38":259,"39":259,"40":259,"41":259,"42":259,"43":259,"44":259,"45":259,"46":259,"48":259,"49":259,"55":1,"56":75,"62":1,"63":75,"69":1,"70":109,"80":1,"81":167,"82":167,"83":167,"84":167,"85":167,"86":167,"87":167,"88":167,"89":167,"90":167,"91":167,"92":167,"93":167,"94":167,"95":167,"96":167,"97":167,"100":167,"101":58,"102":58,"105":109,"106":109,"107":109,"108":167,"109":167,"110":167,"111":18,"112":18,"113":18,"114":18,"115":18,"116":18,"117":18,"118":18,"120":167,"122":167,"124":1},"branchMap":{"0":{"type":"branch","line":32,"loc":{"start":{"line":32,"column":53},"end":{"line":50,"column":11}},"locations":[{"start":{"line":32,"column":53},"end":{"line":50,"column":11}}]},"1":{"type":"branch","line":45,"loc":{"start":{"line":45,"column":14},"end":{"line":45,"column":37}},"locations":[{"start":{"line":45,"column":14},"end":{"line":45,"column":37}}]},"2":{"type":"branch","line":45,"loc":{"start":{"line":45,"column":25},"end":{"line":45,"column":47}},"locations":[{"start":{"line":45,"column":25},"end":{"line":45,"column":47}}]},"3":{"type":"branch","line":46,"loc":{"start":{"line":46,"column":15},"end":{"line":46,"column":32}},"locations":[{"start":{"line":46,"column":15},"end":{"line":46,"column":32}}]},"4":{"type":"branch","line":46,"loc":{"start":{"line":46,"column":26},"end":{"line":46,"column":34}},"locations":[{"start":{"line":46,"column":26},"end":{"line":46,"column":34}}]},"5":{"type":"branch","line":56,"loc":{"start":{"line":56,"column":57},"end":{"line":57,"column":48}},"locations":[{"start":{"line":56,"column":57},"end":{"line":57,"column":48}}]},"6":{"type":"branch","line":63,"loc":{"start":{"line":63,"column":57},"end":{"line":64,"column":48}},"locations":[{"start":{"line":63,"column":57},"end":{"line":64,"column":48}}]},"7":{"type":"branch","line":70,"loc":{"start":{"line":70,"column":58},"end":{"line":71,"column":57}},"locations":[{"start":{"line":70,"column":58},"end":{"line":71,"column":57}}]},"8":{"type":"branch","line":81,"loc":{"start":{"line":81,"column":65},"end":{"line":123,"column":2}},"locations":[{"start":{"line":81,"column":65},"end":{"line":123,"column":2}}]},"9":{"type":"branch","line":101,"loc":{"start":{"line":101,"column":28},"end":{"line":109,"column":56}},"locations":[{"start":{"line":101,"column":28},"end":{"line":109,"column":56}}]},"10":{"type":"branch","line":101,"loc":{"start":{"line":101,"column":28},"end":{"line":103,"column":3}},"locations":[{"start":{"line":101,"column":28},"end":{"line":103,"column":3}}]},"11":{"type":"branch","line":103,"loc":{"start":{"line":103,"column":2},"end":{"line":109,"column":56}},"locations":[{"start":{"line":103,"column":2},"end":{"line":109,"column":56}}]},"12":{"type":"branch","line":109,"loc":{"start":{"line":109,"column":45},"end":{"line":109,"column":65}},"locations":[{"start":{"line":109,"column":45},"end":{"line":109,"column":65}}]},"13":{"type":"branch","line":111,"loc":{"start":{"line":111,"column":7},"end":{"line":119,"column":16}},"locations":[{"start":{"line":111,"column":7},"end":{"line":119,"column":16}}]}},"b":{"0":[259],"1":[172],"2":[87],"3":[172],"4":[87],"5":[75],"6":[75],"7":[109],"8":[167],"9":[134],"10":[58],"11":[109],"12":[59],"13":[18]},"fnMap":{"0":{"name":"DefaultButton","decl":{"start":{"line":32,"column":53},"end":{"line":50,"column":11}},"loc":{"start":{"line":32,"column":53},"end":{"line":50,"column":11}},"line":32},"1":{"name":"DefaultUndoButton","decl":{"start":{"line":56,"column":57},"end":{"line":57,"column":48}},"loc":{"start":{"line":56,"column":57},"end":{"line":57,"column":48}},"line":56},"2":{"name":"DefaultRedoButton","decl":{"start":{"line":63,"column":57},"end":{"line":64,"column":48}},"loc":{"start":{"line":63,"column":57},"end":{"line":64,"column":48}},"line":63},"3":{"name":"DefaultClearButton","decl":{"start":{"line":70,"column":58},"end":{"line":71,"column":57}},"loc":{"start":{"line":70,"column":58},"end":{"line":71,"column":57}},"line":70},"4":{"name":"UndoRedoControls","decl":{"start":{"line":81,"column":65},"end":{"line":123,"column":2}},"loc":{"start":{"line":81,"column":65},"end":{"line":123,"column":2}},"line":81}},"f":{"0":259,"1":75,"2":75,"3":109,"4":167}}
,"/Users/jaakkorajala/undo-redo/src/UndoRedo/context/CommandHistoryContext.tsx": {"path":"/Users/jaakkorajala/undo-redo/src/UndoRedo/context/CommandHistoryContext.tsx","all":false,"statementMap":{"1":{"start":{"line":2,"column":0},"end":{"line":2,"column":15}},"15":{"start":{"line":16,"column":0},"end":{"line":16,"column":9}},"19":{"start":{"line":20,"column":0},"end":{"line":20,"column":9}},"25":{"start":{"line":26,"column":0},"end":{"line":26,"column":58}},"28":{"start":{"line":29,"column":0},"end":{"line":29,"column":94}},"34":{"start":{"line":35,"column":0},"end":{"line":35,"column":79}},"35":{"start":{"line":36,"column":0},"end":{"line":36,"column":11}},"36":{"start":{"line":37,"column":0},"end":{"line":37,"column":15}},"37":{"start":{"line":38,"column":0},"end":{"line":38,"column":13}},"38":{"start":{"line":39,"column":0},"end":{"line":39,"column":28}},"39":{"start":{"line":40,"column":0},"end":{"line":40,"column":7}},"41":{"start":{"line":42,"column":0},"end":{"line":42,"column":52}},"44":{"start":{"line":45,"column":0},"end":{"line":45,"column":74}},"47":{"start":{"line":48,"column":0},"end":{"line":48,"column":54}},"50":{"start":{"line":51,"column":0},"end":{"line":51,"column":63}},"51":{"start":{"line":52,"column":0},"end":{"line":52,"column":20}},"52":{"start":{"line":53,"column":0},"end":{"line":53,"column":60}},"53":{"start":{"line":54,"column":0},"end":{"line":54,"column":36}},"54":{"start":{"line":55,"column":0},"end":{"line":55,"column":5}},"57":{"start":{"line":58,"column":0},"end":{"line":58,"column":19}},"58":{"start":{"line":59,"column":0},"end":{"line":59,"column":54}},"59":{"start":{"line":60,"column":0},"end":{"line":60,"column":67}},"60":{"start":{"line":61,"column":0},"end":{"line":61,"column":27}},"61":{"start":{"line":62,"column":0},"end":{"line":62,"column":75}},"62":{"start":{"line":63,"column":0},"end":{"line":63,"column":7}},"63":{"start":{"line":64,"column":0},"end":{"line":64,"column":36}},"64":{"start":{"line":65,"column":0},"end":{"line":65,"column":5}},"65":{"start":{"line":66,"column":0},"end":{"line":66,"column":66}},"68":{"start":{"line":69,"column":0},"end":{"line":69,"column":19}},"69":{"start":{"line":70,"column":0},"end":{"line":70,"column":53}},"70":{"start":{"line":71,"column":0},"end":{"line":71,"column":25}},"71":{"start":{"line":72,"column":0},"end":{"line":72,"column":25}},"72":{"start":{"line":73,"column":0},"end":{"line":73,"column":25}},"73":{"start":{"line":74,"column":0},"end":{"line":74,"column":25}},"74":{"start":{"line":75,"column":0},"end":{"line":75,"column":28}},"75":{"start":{"line":76,"column":0},"end":{"line":76,"column":26}},"76":{"start":{"line":77,"column":0},"end":{"line":77,"column":8}},"77":{"start":{"line":78,"column":0},"end":{"line":78,"column":5}},"78":{"start":{"line":79,"column":0},"end":{"line":79,"column":6}},"79":{"start":{"line":80,"column":0},"end":{"line":80,"column":21}},"80":{"start":{"line":81,"column":0},"end":{"line":81,"column":21}},"81":{"start":{"line":82,"column":0},"end":{"line":82,"column":24}},"82":{"start":{"line":83,"column":0},"end":{"line":83,"column":24}},"83":{"start":{"line":84,"column":0},"end":{"line":84,"column":20}},"84":{"start":{"line":85,"column":0},"end":{"line":85,"column":25}},"85":{"start":{"line":86,"column":0},"end":{"line":86,"column":5}},"88":{"start":{"line":89,"column":0},"end":{"line":89,"column":53}},"89":{"start":{"line":90,"column":0},"end":{"line":90,"column":25}},"91":{"start":{"line":92,"column":0},"end":{"line":92,"column":34}},"93":{"start":{"line":94,"column":0},"end":{"line":94,"column":24}},"95":{"start":{"line":96,"column":0},"end":{"line":96,"column":45}},"96":{"start":{"line":97,"column":0},"end":{"line":97,"column":7}},"97":{"start":{"line":98,"column":0},"end":{"line":98,"column":31}},"100":{"start":{"line":101,"column":0},"end":{"line":101,"column":34}},"101":{"start":{"line":102,"column":0},"end":{"line":102,"column":45}},"103":{"start":{"line":104,"column":0},"end":{"line":104,"column":34}},"105":{"start":{"line":106,"column":0},"end":{"line":106,"column":72}},"107":{"start":{"line":108,"column":0},"end":{"line":108,"column":27}},"109":{"start":{"line":110,"column":0},"end":{"line":110,"column":33}},"110":{"start":{"line":111,"column":0},"end":{"line":111,"column":7}},"111":{"start":{"line":112,"column":0},"end":{"line":112,"column":48}},"114":{"start":{"line":115,"column":0},"end":{"line":115,"column":34}},"115":{"start":{"line":116,"column":0},"end":{"line":116,"column":45}},"117":{"start":{"line":118,"column":0},"end":{"line":118,"column":34}},"119":{"start":{"line":120,"column":0},"end":{"line":120,"column":72}},"121":{"start":{"line":122,"column":0},"end":{"line":122,"column":30}},"123":{"start":{"line":124,"column":0},"end":{"line":124,"column":33}},"124":{"start":{"line":125,"column":0},"end":{"line":125,"column":7}},"125":{"start":{"line":126,"column":0},"end":{"line":126,"column":48}},"128":{"start":{"line":129,"column":0},"end":{"line":129,"column":35}},"129":{"start":{"line":130,"column":0},"end":{"line":130,"column":32}},"130":{"start":{"line":131,"column":0},"end":{"line":131,"column":9}},"133":{"start":{"line":134,"column":0},"end":{"line":134,"column":57}},"134":{"start":{"line":135,"column":0},"end":{"line":135,"column":51}},"135":{"start":{"line":136,"column":0},"end":{"line":136,"column":9}},"138":{"start":{"line":139,"column":0},"end":{"line":139,"column":47}},"140":{"start":{"line":141,"column":0},"end":{"line":141,"column":29}},"141":{"start":{"line":142,"column":0},"end":{"line":142,"column":40}},"142":{"start":{"line":143,"column":0},"end":{"line":143,"column":5}},"143":{"start":{"line":144,"column":0},"end":{"line":144,"column":45}},"144":{"start":{"line":145,"column":0},"end":{"line":145,"column":44}},"147":{"start":{"line":148,"column":0},"end":{"line":148,"column":51}},"148":{"start":{"line":149,"column":0},"end":{"line":149,"column":13}},"149":{"start":{"line":150,"column":0},"end":{"line":150,"column":12}},"150":{"start":{"line":151,"column":0},"end":{"line":151,"column":9}},"151":{"start":{"line":152,"column":0},"end":{"line":152,"column":9}},"152":{"start":{"line":153,"column":0},"end":{"line":153,"column":10}},"153":{"start":{"line":154,"column":0},"end":{"line":154,"column":20}},"154":{"start":{"line":155,"column":0},"end":{"line":155,"column":22}},"155":{"start":{"line":156,"column":0},"end":{"line":156,"column":4}},"157":{"start":{"line":158,"column":0},"end":{"line":158,"column":10}},"158":{"start":{"line":159,"column":0},"end":{"line":159,"column":57}},"159":{"start":{"line":160,"column":0},"end":{"line":160,"column":16}},"160":{"start":{"line":161,"column":0},"end":{"line":161,"column":37}},"162":{"start":{"line":163,"column":0},"end":{"line":163,"column":2}},"168":{"start":{"line":169,"column":0},"end":{"line":169,"column":67}},"169":{"start":{"line":170,"column":0},"end":{"line":170,"column":52}},"170":{"start":{"line":171,"column":0},"end":{"line":171,"column":30}},"171":{"start":{"line":172,"column":0},"end":{"line":172,"column":20}},"172":{"start":{"line":173,"column":0},"end":{"line":173,"column":70}},"173":{"start":{"line":174,"column":0},"end":{"line":174,"column":6}},"174":{"start":{"line":175,"column":0},"end":{"line":175,"column":3}},"175":{"start":{"line":176,"column":0},"end":{"line":176,"column":17}},"176":{"start":{"line":177,"column":0},"end":{"line":177,"column":2}}},"s":{"1":1,"15":1,"19":1,"25":1,"28":1,"34":1,"35":115,"36":115,"37":115,"38":115,"39":115,"41":115,"44":115,"47":115,"50":115,"51":115,"52":115,"53":115,"54":115,"57":115,"58":43,"59":9,"60":9,"61":1,"62":1,"63":9,"64":9,"65":115,"68":115,"69":115,"70":26,"71":26,"72":26,"73":26,"74":26,"75":26,"76":26,"77":26,"78":115,"79":115,"80":115,"81":115,"82":115,"83":115,"84":115,"85":115,"88":115,"89":57,"91":57,"93":57,"95":57,"96":57,"97":115,"100":115,"101":8,"103":8,"105":8,"107":8,"109":8,"110":8,"111":115,"114":115,"115":6,"117":6,"119":6,"121":6,"123":6,"124":6,"125":115,"128":115,"129":2,"130":115,"133":115,"134":0,"135":115,"138":115,"140":4,"141":2,"142":2,"143":4,"144":115,"147":115,"148":115,"149":115,"150":115,"151":115,"152":115,"153":115,"154":115,"155":115,"157":115,"158":115,"159":115,"160":115,"162":115,"168":1,"169":390,"170":390,"171":0,"172":0,"173":0,"174":0,"175":390,"176":390},"branchMap":{"0":{"type":"branch","line":35,"loc":{"start":{"line":35,"column":77},"end":{"line":163,"column":2}},"locations":[{"start":{"line":35,"column":77},"end":{"line":163,"column":2}}]},"1":{"type":"branch","line":58,"loc":{"start":{"line":58,"column":12},"end":{"line":66,"column":5}},"locations":[{"start":{"line":58,"column":12},"end":{"line":66,"column":5}}]},"2":{"type":"branch","line":59,"loc":{"start":{"line":59,"column":14},"end":{"line":59,"column":53}},"locations":[{"start":{"line":59,"column":14},"end":{"line":59,"column":53}}]},"3":{"type":"branch","line":59,"loc":{"start":{"line":59,"column":53},"end":{"line":65,"column":5}},"locations":[{"start":{"line":59,"column":53},"end":{"line":65,"column":5}}]},"4":{"type":"branch","line":61,"loc":{"start":{"line":61,"column":26},"end":{"line":63,"column":7}},"locations":[{"start":{"line":61,"column":26},"end":{"line":63,"column":7}}]},"5":{"type":"branch","line":69,"loc":{"start":{"line":69,"column":12},"end":{"line":79,"column":5}},"locations":[{"start":{"line":69,"column":12},"end":{"line":79,"column":5}}]},"6":{"type":"branch","line":70,"loc":{"start":{"line":70,"column":14},"end":{"line":70,"column":52}},"locations":[{"start":{"line":70,"column":14},"end":{"line":70,"column":52}}]},"7":{"type":"branch","line":70,"loc":{"start":{"line":70,"column":52},"end":{"line":78,"column":5}},"locations":[{"start":{"line":70,"column":52},"end":{"line":78,"column":5}}]},"8":{"type":"branch","line":89,"loc":{"start":{"line":89,"column":30},"end":{"line":98,"column":5}},"locations":[{"start":{"line":89,"column":30},"end":{"line":98,"column":5}}]},"9":{"type":"branch","line":90,"loc":{"start":{"line":90,"column":18},"end":{"line":90,"column":25}},"locations":[{"start":{"line":90,"column":18},"end":{"line":90,"column":25}}]},"10":{"type":"branch","line":92,"loc":{"start":{"line":92,"column":27},"end":{"line":97,"column":5}},"locations":[{"start":{"line":92,"column":27},"end":{"line":97,"column":5}}]},"11":{"type":"branch","line":101,"loc":{"start":{"line":101,"column":27},"end":{"line":112,"column":5}},"locations":[{"start":{"line":101,"column":27},"end":{"line":112,"column":5}}]},"12":{"type":"branch","line":102,"loc":{"start":{"line":102,"column":38},"end":{"line":102,"column":45}},"locations":[{"start":{"line":102,"column":38},"end":{"line":102,"column":45}}]},"13":{"type":"branch","line":104,"loc":{"start":{"line":104,"column":27},"end":{"line":111,"column":5}},"locations":[{"start":{"line":104,"column":27},"end":{"line":111,"column":5}}]},"14":{"type":"branch","line":115,"loc":{"start":{"line":115,"column":27},"end":{"line":126,"column":5}},"locations":[{"start":{"line":115,"column":27},"end":{"line":126,"column":5}}]},"15":{"type":"branch","line":116,"loc":{"start":{"line":116,"column":38},"end":{"line":116,"column":45}},"locations":[{"start":{"line":116,"column":38},"end":{"line":116,"column":45}}]},"16":{"type":"branch","line":118,"loc":{"start":{"line":118,"column":27},"end":{"line":125,"column":5}},"locations":[{"start":{"line":118,"column":27},"end":{"line":125,"column":5}}]},"17":{"type":"branch","line":129,"loc":{"start":{"line":129,"column":28},"end":{"line":131,"column":5}},"locations":[{"start":{"line":129,"column":28},"end":{"line":131,"column":5}}]},"18":{"type":"branch","line":139,"loc":{"start":{"line":139,"column":40},"end":{"line":145,"column":5}},"locations":[{"start":{"line":139,"column":40},"end":{"line":145,"column":5}}]},"19":{"type":"branch","line":141,"loc":{"start":{"line":141,"column":28},"end":{"line":143,"column":5}},"locations":[{"start":{"line":141,"column":28},"end":{"line":143,"column":5}}]},"20":{"type":"branch","line":169,"loc":{"start":{"line":169,"column":33},"end":{"line":177,"column":2}},"locations":[{"start":{"line":169,"column":33},"end":{"line":177,"column":2}}]},"21":{"type":"branch","line":171,"loc":{"start":{"line":171,"column":29},"end":{"line":175,"column":3}},"locations":[{"start":{"line":171,"column":29},"end":{"line":175,"column":3}}]}},"b":{"0":[115],"1":[43],"2":[18],"3":[9],"4":[1],"5":[115],"6":[35],"7":[26],"8":[57],"9":[0],"10":[57],"11":[8],"12":[0],"13":[8],"14":[6],"15":[0],"16":[6],"17":[2],"18":[4],"19":[2],"20":[390],"21":[0]},"fnMap":{"0":{"name":"CommandHistoryProvider","decl":{"start":{"line":35,"column":77},"end":{"line":163,"column":2}},"loc":{"start":{"line":35,"column":77},"end":{"line":163,"column":2}},"line":35},"1":{"name":"useCommandHistory","decl":{"start":{"line":169,"column":33},"end":{"line":177,"column":2}},"loc":{"start":{"line":169,"column":33},"end":{"line":177,"column":2}},"line":169}},"f":{"0":115,"1":390}}
,"/Users/jaakkorajala/undo-redo/src/UndoRedo/context/CommandHistoryReducer.ts": {"path":"/Users/jaakkorajala/undo-redo/src/UndoRedo/context/CommandHistoryReducer.ts","all":false,"statementMap":{"4":{"start":{"line":5,"column":0},"end":{"line":5,"column":54}},"7":{"start":{"line":8,"column":0},"end":{"line":8,"column":50}},"8":{"start":{"line":9,"column":0},"end":{"line":9,"column":16}},"9":{"start":{"line":10,"column":0},"end":{"line":10,"column":16}},"10":{"start":{"line":11,"column":0},"end":{"line":11,"column":17}},"11":{"start":{"line":12,"column":0},"end":{"line":12,"column":17}},"12":{"start":{"line":13,"column":0},"end":{"line":13,"column":19}},"13":{"start":{"line":14,"column":0},"end":{"line":14,"column":22}},"14":{"start":{"line":15,"column":0},"end":{"line":15,"column":2}},"17":{"start":{"line":18,"column":0},"end":{"line":18,"column":42}},"20":{"start":{"line":21,"column":0},"end":{"line":21,"column":48}},"21":{"start":{"line":22,"column":0},"end":{"line":22,"column":2}},"26":{"start":{"line":27,"column":0},"end":{"line":27,"column":38}},"27":{"start":{"line":28,"column":0},"end":{"line":28,"column":29}},"28":{"start":{"line":29,"column":0},"end":{"line":29,"column":30}},"29":{"start":{"line":30,"column":0},"end":{"line":30,"column":24}},"30":{"start":{"line":31,"column":0},"end":{"line":31,"column":24}},"31":{"start":{"line":32,"column":0},"end":{"line":32,"column":21}},"32":{"start":{"line":33,"column":0},"end":{"line":33,"column":37}},"33":{"start":{"line":34,"column":0},"end":{"line":34,"column":33}},"36":{"start":{"line":37,"column":0},"end":{"line":37,"column":57}},"38":{"start":{"line":39,"column":0},"end":{"line":39,"column":53}},"39":{"start":{"line":40,"column":0},"end":{"line":40,"column":29}},"40":{"start":{"line":41,"column":0},"end":{"line":41,"column":7}},"42":{"start":{"line":43,"column":0},"end":{"line":43,"column":14}},"43":{"start":{"line":44,"column":0},"end":{"line":44,"column":17}},"44":{"start":{"line":45,"column":0},"end":{"line":45,"column":32}},"45":{"start":{"line":46,"column":0},"end":{"line":46,"column":22}},"46":{"start":{"line":47,"column":0},"end":{"line":47,"column":22}},"47":{"start":{"line":48,"column":0},"end":{"line":48,"column":23}},"48":{"start":{"line":49,"column":0},"end":{"line":49,"column":8}},"49":{"start":{"line":50,"column":0},"end":{"line":50,"column":5}},"51":{"start":{"line":52,"column":0},"end":{"line":52,"column":18}},"52":{"start":{"line":53,"column":0},"end":{"line":53,"column":53}},"54":{"start":{"line":55,"column":0},"end":{"line":55,"column":72}},"57":{"start":{"line":58,"column":0},"end":{"line":58,"column":56}},"58":{"start":{"line":59,"column":0},"end":{"line":59,"column":63}},"60":{"start":{"line":61,"column":0},"end":{"line":61,"column":14}},"61":{"start":{"line":62,"column":0},"end":{"line":62,"column":17}},"62":{"start":{"line":63,"column":0},"end":{"line":63,"column":32}},"63":{"start":{"line":64,"column":0},"end":{"line":64,"column":32}},"64":{"start":{"line":65,"column":0},"end":{"line":65,"column":41}},"65":{"start":{"line":66,"column":0},"end":{"line":66,"column":22}},"66":{"start":{"line":67,"column":0},"end":{"line":67,"column":8}},"67":{"start":{"line":68,"column":0},"end":{"line":68,"column":5}},"69":{"start":{"line":70,"column":0},"end":{"line":70,"column":18}},"70":{"start":{"line":71,"column":0},"end":{"line":71,"column":53}},"72":{"start":{"line":73,"column":0},"end":{"line":73,"column":72}},"75":{"start":{"line":76,"column":0},"end":{"line":76,"column":56}},"76":{"start":{"line":77,"column":0},"end":{"line":77,"column":63}},"78":{"start":{"line":79,"column":0},"end":{"line":79,"column":53}},"79":{"start":{"line":80,"column":0},"end":{"line":80,"column":29}},"80":{"start":{"line":81,"column":0},"end":{"line":81,"column":7}},"82":{"start":{"line":83,"column":0},"end":{"line":83,"column":14}},"83":{"start":{"line":84,"column":0},"end":{"line":84,"column":17}},"84":{"start":{"line":85,"column":0},"end":{"line":85,"column":32}},"85":{"start":{"line":86,"column":0},"end":{"line":86,"column":32}},"86":{"start":{"line":87,"column":0},"end":{"line":87,"column":22}},"87":{"start":{"line":88,"column":0},"end":{"line":88,"column":41}},"88":{"start":{"line":89,"column":0},"end":{"line":89,"column":8}},"89":{"start":{"line":90,"column":0},"end":{"line":90,"column":5}},"91":{"start":{"line":92,"column":0},"end":{"line":92,"column":19}},"92":{"start":{"line":93,"column":0},"end":{"line":93,"column":14}},"93":{"start":{"line":94,"column":0},"end":{"line":94,"column":17}},"94":{"start":{"line":95,"column":0},"end":{"line":95,"column":22}},"95":{"start":{"line":96,"column":0},"end":{"line":96,"column":22}},"96":{"start":{"line":97,"column":0},"end":{"line":97,"column":23}},"97":{"start":{"line":98,"column":0},"end":{"line":98,"column":23}},"98":{"start":{"line":99,"column":0},"end":{"line":99,"column":8}},"99":{"start":{"line":100,"column":0},"end":{"line":100,"column":5}},"101":{"start":{"line":102,"column":0},"end":{"line":102,"column":32}},"102":{"start":{"line":103,"column":0},"end":{"line":103,"column":49}},"103":{"start":{"line":104,"column":0},"end":{"line":104,"column":41}},"105":{"start":{"line":106,"column":0},"end":{"line":106,"column":44}},"106":{"start":{"line":107,"column":0},"end":{"line":107,"column":54}},"107":{"start":{"line":108,"column":0},"end":{"line":108,"column":7}},"109":{"start":{"line":110,"column":0},"end":{"line":110,"column":14}},"110":{"start":{"line":111,"column":0},"end":{"line":111,"column":17}},"111":{"start":{"line":112,"column":0},"end":{"line":112,"column":32}},"112":{"start":{"line":113,"column":0},"end":{"line":113,"column":32}},"113":{"start":{"line":114,"column":0},"end":{"line":114,"column":8}},"114":{"start":{"line":115,"column":0},"end":{"line":115,"column":5}},"116":{"start":{"line":117,"column":0},"end":{"line":117,"column":32}},"117":{"start":{"line":118,"column":0},"end":{"line":118,"column":47}},"118":{"start":{"line":119,"column":0},"end":{"line":119,"column":14}},"119":{"start":{"line":120,"column":0},"end":{"line":120,"column":17}},"120":{"start":{"line":121,"column":0},"end":{"line":121,"column":21}},"121":{"start":{"line":122,"column":0},"end":{"line":122,"column":8}},"122":{"start":{"line":123,"column":0},"end":{"line":123,"column":5}},"124":{"start":{"line":125,"column":0},"end":{"line":125,"column":35}},"125":{"start":{"line":126,"column":0},"end":{"line":126,"column":14}},"126":{"start":{"line":127,"column":0},"end":{"line":127,"column":17}},"127":{"start":{"line":128,"column":0},"end":{"line":128,"column":24}},"128":{"start":{"line":129,"column":0},"end":{"line":129,"column":39}},"129":{"start":{"line":130,"column":0},"end":{"line":130,"column":45}},"130":{"start":{"line":131,"column":0},"end":{"line":131,"column":18}},"131":{"start":{"line":132,"column":0},"end":{"line":132,"column":39}},"132":{"start":{"line":133,"column":0},"end":{"line":133,"column":45}},"133":{"start":{"line":134,"column":0},"end":{"line":134,"column":18}},"134":{"start":{"line":135,"column":0},"end":{"line":135,"column":8}},"135":{"start":{"line":136,"column":0},"end":{"line":136,"column":5}},"137":{"start":{"line":138,"column":0},"end":{"line":138,"column":12}},"138":{"start":{"line":139,"column":0},"end":{"line":139,"column":19}},"139":{"start":{"line":140,"column":0},"end":{"line":140,"column":3}},"140":{"start":{"line":141,"column":0},"end":{"line":141,"column":1}}},"s":{"4":1,"7":1,"8":1,"9":1,"10":1,"11":1,"12":1,"13":1,"14":1,"17":1,"20":0,"21":0,"26":1,"27":90,"28":90,"29":90,"30":90,"31":90,"32":62,"33":62,"36":62,"38":62,"39":1,"40":1,"42":62,"43":62,"44":62,"45":62,"46":62,"47":62,"48":62,"49":62,"51":90,"52":9,"54":9,"57":9,"58":9,"60":9,"61":9,"62":9,"63":9,"64":9,"65":9,"66":9,"67":9,"69":90,"70":7,"72":7,"75":7,"76":7,"78":7,"79":0,"80":0,"82":7,"83":7,"84":7,"85":7,"86":7,"87":7,"88":7,"89":7,"91":90,"92":3,"93":3,"94":3,"95":3,"96":3,"97":3,"98":3,"99":3,"101":90,"102":1,"103":1,"105":1,"106":1,"107":1,"109":1,"110":1,"111":1,"112":1,"113":1,"114":1,"116":90,"117":6,"118":6,"119":6,"120":6,"121":6,"122":6,"124":90,"125":2,"126":2,"127":2,"128":2,"129":2,"130":0,"131":2,"132":2,"133":0,"134":2,"135":2,"137":90,"138":0,"139":90,"140":90},"branchMap":{"0":{"type":"branch","line":27,"loc":{"start":{"line":27,"column":7},"end":{"line":141,"column":1}},"locations":[{"start":{"line":27,"column":7},"end":{"line":141,"column":1}}]},"1":{"type":"branch","line":32,"loc":{"start":{"line":32,"column":4},"end":{"line":50,"column":5}},"locations":[{"start":{"line":32,"column":4},"end":{"line":50,"column":5}}]},"2":{"type":"branch","line":34,"loc":{"start":{"line":34,"column":20},"end":{"line":34,"column":33}},"locations":[{"start":{"line":34,"column":20},"end":{"line":34,"column":33}}]},"3":{"type":"branch","line":39,"loc":{"start":{"line":39,"column":52},"end":{"line":41,"column":7}},"locations":[{"start":{"line":39,"column":52},"end":{"line":41,"column":7}}]},"4":{"type":"branch","line":52,"loc":{"start":{"line":52,"column":4},"end":{"line":68,"column":5}},"locations":[{"start":{"line":52,"column":4},"end":{"line":68,"column":5}}]},"5":{"type":"branch","line":53,"loc":{"start":{"line":53,"column":40},"end":{"line":53,"column":53}},"locations":[{"start":{"line":53,"column":40},"end":{"line":53,"column":53}}]},"6":{"type":"branch","line":70,"loc":{"start":{"line":70,"column":4},"end":{"line":90,"column":5}},"locations":[{"start":{"line":70,"column":4},"end":{"line":90,"column":5}}]},"7":{"type":"branch","line":71,"loc":{"start":{"line":71,"column":40},"end":{"line":71,"column":53}},"locations":[{"start":{"line":71,"column":40},"end":{"line":71,"column":53}}]},"8":{"type":"branch","line":79,"loc":{"start":{"line":79,"column":52},"end":{"line":81,"column":7}},"locations":[{"start":{"line":79,"column":52},"end":{"line":81,"column":7}}]},"9":{"type":"branch","line":92,"loc":{"start":{"line":92,"column":4},"end":{"line":100,"column":5}},"locations":[{"start":{"line":92,"column":4},"end":{"line":100,"column":5}}]},"10":{"type":"branch","line":102,"loc":{"start":{"line":102,"column":4},"end":{"line":115,"column":5}},"locations":[{"start":{"line":102,"column":4},"end":{"line":115,"column":5}}]},"11":{"type":"branch","line":117,"loc":{"start":{"line":117,"column":4},"end":{"line":123,"column":5}},"locations":[{"start":{"line":117,"column":4},"end":{"line":123,"column":5}}]},"12":{"type":"branch","line":125,"loc":{"start":{"line":125,"column":4},"end":{"line":136,"column":5}},"locations":[{"start":{"line":125,"column":4},"end":{"line":136,"column":5}}]},"13":{"type":"branch","line":130,"loc":{"start":{"line":130,"column":44},"end":{"line":131,"column":18}},"locations":[{"start":{"line":130,"column":44},"end":{"line":131,"column":18}}]},"14":{"type":"branch","line":133,"loc":{"start":{"line":133,"column":44},"end":{"line":134,"column":18}},"locations":[{"start":{"line":133,"column":44},"end":{"line":134,"column":18}}]},"15":{"type":"branch","line":138,"loc":{"start":{"line":138,"column":4},"end":{"line":139,"column":19}},"locations":[{"start":{"line":138,"column":4},"end":{"line":139,"column":19}}]}},"b":{"0":[90],"1":[62],"2":[0],"3":[1],"4":[9],"5":[0],"6":[7],"7":[0],"8":[0],"9":[3],"10":[1],"11":[6],"12":[2],"13":[0],"14":[0],"15":[0]},"fnMap":{"0":{"name":"placeholderFunction","decl":{"start":{"line":18,"column":35},"end":{"line":22,"column":2}},"loc":{"start":{"line":18,"column":35},"end":{"line":22,"column":2}},"line":18},"1":{"name":"commandHistoryReducer","decl":{"start":{"line":27,"column":7},"end":{"line":141,"column":1}},"loc":{"start":{"line":27,"column":7},"end":{"line":141,"column":1}},"line":27}},"f":{"0":0,"1":90}}
,"/Users/jaakkorajala/undo-redo/src/UndoRedo/hooks/useValueCommand.ts": {"path":"/Users/jaakkorajala/undo-redo/src/UndoRedo/hooks/useValueCommand.ts","all":false,"statementMap":{"1":{"start":{"line":2,"column":0},"end":{"line":2,"column":62}},"2":{"start":{"line":3,"column":0},"end":{"line":3,"column":69}},"3":{"start":{"line":4,"column":0},"end":{"line":4,"column":93}},"12":{"start":{"line":13,"column":0},"end":{"line":13,"column":35}},"13":{"start":{"line":14,"column":0},"end":{"line":14,"column":22}},"14":{"start":{"line":15,"column":0},"end":{"line":15,"column":30}},"15":{"start":{"line":16,"column":0},"end":{"line":16,"column":61}},"16":{"start":{"line":17,"column":0},"end":{"line":17,"column":42}},"17":{"start":{"line":18,"column":0},"end":{"line":18,"column":37}},"20":{"start":{"line":21,"column":0},"end":{"line":21,"column":19}},"21":{"start":{"line":22,"column":0},"end":{"line":22,"column":32}},"22":{"start":{"line":23,"column":0},"end":{"line":23,"column":59}},"23":{"start":{"line":24,"column":0},"end":{"line":24,"column":34}},"24":{"start":{"line":25,"column":0},"end":{"line":25,"column":5}},"25":{"start":{"line":26,"column":0},"end":{"line":26,"column":30}},"28":{"start":{"line":29,"column":0},"end":{"line":29,"column":21}},"29":{"start":{"line":30,"column":0},"end":{"line":30,"column":57}},"30":{"start":{"line":31,"column":0},"end":{"line":31,"column":47}},"31":{"start":{"line":32,"column":0},"end":{"line":32,"column":20}},"32":{"start":{"line":33,"column":0},"end":{"line":33,"column":17}},"33":{"start":{"line":34,"column":0},"end":{"line":34,"column":17}},"34":{"start":{"line":35,"column":0},"end":{"line":35,"column":85}},"35":{"start":{"line":36,"column":0},"end":{"line":36,"column":8}},"37":{"start":{"line":38,"column":0},"end":{"line":38,"column":23}},"38":{"start":{"line":39,"column":0},"end":{"line":39,"column":6}},"39":{"start":{"line":40,"column":0},"end":{"line":40,"column":26}},"40":{"start":{"line":41,"column":0},"end":{"line":41,"column":4}},"41":{"start":{"line":42,"column":0},"end":{"line":42,"column":1}},"51":{"start":{"line":52,"column":0},"end":{"line":52,"column":35}},"52":{"start":{"line":53,"column":0},"end":{"line":53,"column":22}},"53":{"start":{"line":54,"column":0},"end":{"line":54,"column":17}},"54":{"start":{"line":55,"column":0},"end":{"line":55,"column":65}},"55":{"start":{"line":56,"column":0},"end":{"line":56,"column":66}},"56":{"start":{"line":57,"column":0},"end":{"line":57,"column":42}},"57":{"start":{"line":58,"column":0},"end":{"line":58,"column":37}},"60":{"start":{"line":61,"column":0},"end":{"line":61,"column":19}},"61":{"start":{"line":62,"column":0},"end":{"line":62,"column":32}},"62":{"start":{"line":63,"column":0},"end":{"line":63,"column":65}},"63":{"start":{"line":64,"column":0},"end":{"line":64,"column":34}},"64":{"start":{"line":65,"column":0},"end":{"line":65,"column":5}},"65":{"start":{"line":66,"column":0},"end":{"line":66,"column":20}},"68":{"start":{"line":69,"column":0},"end":{"line":69,"column":31}},"69":{"start":{"line":70,"column":0},"end":{"line":70,"column":44}},"70":{"start":{"line":71,"column":0},"end":{"line":71,"column":47}},"71":{"start":{"line":72,"column":0},"end":{"line":72,"column":20}},"72":{"start":{"line":73,"column":0},"end":{"line":73,"column":14}},"73":{"start":{"line":74,"column":0},"end":{"line":74,"column":17}},"74":{"start":{"line":75,"column":0},"end":{"line":75,"column":76}},"75":{"start":{"line":76,"column":0},"end":{"line":76,"column":8}},"77":{"start":{"line":78,"column":0},"end":{"line":78,"column":23}},"78":{"start":{"line":79,"column":0},"end":{"line":79,"column":6}},"79":{"start":{"line":80,"column":0},"end":{"line":80,"column":33}},"80":{"start":{"line":81,"column":0},"end":{"line":81,"column":4}},"83":{"start":{"line":84,"column":0},"end":{"line":84,"column":33}},"84":{"start":{"line":85,"column":0},"end":{"line":85,"column":11}},"85":{"start":{"line":86,"column":0},"end":{"line":86,"column":47}},"86":{"start":{"line":87,"column":0},"end":{"line":87,"column":20}},"87":{"start":{"line":88,"column":0},"end":{"line":88,"column":14}},"88":{"start":{"line":89,"column":0},"end":{"line":89,"column":21}},"89":{"start":{"line":90,"column":0},"end":{"line":90,"column":57}},"90":{"start":{"line":91,"column":0},"end":{"line":91,"column":8}},"92":{"start":{"line":93,"column":0},"end":{"line":93,"column":23}},"93":{"start":{"line":94,"column":0},"end":{"line":94,"column":6}},"94":{"start":{"line":95,"column":0},"end":{"line":95,"column":47}},"95":{"start":{"line":96,"column":0},"end":{"line":96,"column":4}},"97":{"start":{"line":98,"column":0},"end":{"line":98,"column":39}},"98":{"start":{"line":99,"column":0},"end":{"line":99,"column":1}}},"s":{"1":1,"2":1,"3":1,"12":1,"13":54,"14":54,"15":54,"16":54,"17":54,"20":54,"21":5,"22":5,"23":5,"24":5,"25":54,"28":54,"29":54,"30":6,"31":6,"32":6,"33":6,"34":6,"35":6,"37":6,"38":6,"39":54,"40":54,"41":54,"51":1,"52":99,"53":99,"54":99,"55":99,"56":99,"57":99,"60":99,"61":22,"62":22,"63":22,"64":22,"65":99,"68":99,"69":99,"70":45,"71":45,"72":45,"73":45,"74":45,"75":45,"77":45,"78":45,"79":99,"80":99,"83":99,"84":99,"85":1,"86":1,"87":1,"88":1,"89":1,"90":1,"92":1,"93":1,"94":99,"95":99,"97":99,"98":99},"branchMap":{"0":{"type":"branch","line":13,"loc":{"start":{"line":13,"column":7},"end":{"line":42,"column":1}},"locations":[{"start":{"line":13,"column":7},"end":{"line":42,"column":1}}]},"1":{"type":"branch","line":21,"loc":{"start":{"line":21,"column":12},"end":{"line":26,"column":5}},"locations":[{"start":{"line":21,"column":12},"end":{"line":26,"column":5}}]},"2":{"type":"branch","line":30,"loc":{"start":{"line":30,"column":4},"end":{"line":39,"column":6}},"locations":[{"start":{"line":30,"column":4},"end":{"line":39,"column":6}}]},"3":{"type":"branch","line":35,"loc":{"start":{"line":35,"column":8},"end":{"line":35,"column":85}},"locations":[{"start":{"line":35,"column":8},"end":{"line":35,"column":85}}]},"4":{"type":"branch","line":52,"loc":{"start":{"line":52,"column":7},"end":{"line":99,"column":1}},"locations":[{"start":{"line":52,"column":7},"end":{"line":99,"column":1}}]},"5":{"type":"branch","line":61,"loc":{"start":{"line":61,"column":12},"end":{"line":66,"column":5}},"locations":[{"start":{"line":61,"column":12},"end":{"line":66,"column":5}}]},"6":{"type":"branch","line":70,"loc":{"start":{"line":70,"column":4},"end":{"line":79,"column":6}},"locations":[{"start":{"line":70,"column":4},"end":{"line":79,"column":6}}]},"7":{"type":"branch","line":75,"loc":{"start":{"line":75,"column":8},"end":{"line":75,"column":76}},"locations":[{"start":{"line":75,"column":8},"end":{"line":75,"column":76}}]},"8":{"type":"branch","line":85,"loc":{"start":{"line":85,"column":4},"end":{"line":94,"column":6}},"locations":[{"start":{"line":85,"column":4},"end":{"line":94,"column":6}}]}},"b":{"0":[54],"1":[5],"2":[6],"3":[0],"4":[99],"5":[22],"6":[45],"7":[10],"8":[1]},"fnMap":{"0":{"name":"useValueCommand","decl":{"start":{"line":13,"column":7},"end":{"line":42,"column":1}},"loc":{"start":{"line":13,"column":7},"end":{"line":42,"column":1}},"line":13},"1":{"name":"useHistoryState","decl":{"start":{"line":52,"column":7},"end":{"line":99,"column":1}},"loc":{"start":{"line":52,"column":7},"end":{"line":99,"column":1}},"line":52}},"f":{"0":54,"1":99}}
,"/Users/jaakkorajala/undo-redo/src/UndoRedo/types/index.ts": {"path":"/Users/jaakkorajala/undo-redo/src/UndoRedo/types/index.ts","all":true,"statementMap":{},"s":{},"branchMap":{"0":{"type":"branch","line":1,"loc":{"start":{"line":1,"column":2758},"end":{"line":149,"column":1}},"locations":[{"start":{"line":1,"column":2758},"end":{"line":149,"column":1}}]}},"b":{"0":[1]},"fnMap":{"0":{"name":"(empty-report)","decl":{"start":{"line":1,"column":2758},"end":{"line":149,"column":1}},"loc":{"start":{"line":1,"column":2758},"end":{"line":149,"column":1}},"line":1}},"f":{"0":1}}
,"/Users/jaakkorajala/undo-redo/src/UndoRedo/utils/commandRegistry.ts": {"path":"/Users/jaakkorajala/undo-redo/src/UndoRedo/utils/commandRegistry.ts","all":false,"statementMap":{"49":{"start":{"line":50,"column":0},"end":{"line":50,"column":43}},"54":{"start":{"line":55,"column":0},"end":{"line":55,"column":32}},"55":{"start":{"line":56,"column":0},"end":{"line":56,"column":16}},"56":{"start":{"line":57,"column":0},"end":{"line":57,"column":35}},"57":{"start":{"line":58,"column":0},"end":{"line":58,"column":31}},"58":{"start":{"line":59,"column":0},"end":{"line":59,"column":9}},"59":{"start":{"line":60,"column":0},"end":{"line":60,"column":29}},"60":{"start":{"line":61,"column":0},"end":{"line":61,"column":74}},"61":{"start":{"line":62,"column":0},"end":{"line":62,"column":3}},"63":{"start":{"line":64,"column":0},"end":{"line":64,"column":26}},"64":{"start":{"line":65,"column":0},"end":{"line":65,"column":23}},"65":{"start":{"line":66,"column":0},"end":{"line":66,"column":16}},"66":{"start":{"line":67,"column":0},"end":{"line":67,"column":4}},"67":{"start":{"line":68,"column":0},"end":{"line":68,"column":1}},"72":{"start":{"line":73,"column":0},"end":{"line":73,"column":71}},"73":{"start":{"line":74,"column":0},"end":{"line":74,"column":30}},"74":{"start":{"line":75,"column":0},"end":{"line":75,"column":1}},"79":{"start":{"line":80,"column":0},"end":{"line":80,"column":51}},"80":{"start":{"line":81,"column":0},"end":{"line":81,"column":32}},"81":{"start":{"line":82,"column":0},"end":{"line":82,"column":1}},"86":{"start":{"line":87,"column":0},"end":{"line":87,"column":83}},"87":{"start":{"line":88,"column":0},"end":{"line":88,"column":71}},"88":{"start":{"line":89,"column":0},"end":{"line":89,"column":44}},"90":{"start":{"line":91,"column":0},"end":{"line":91,"column":19}},"91":{"start":{"line":92,"column":0},"end":{"line":92,"column":77}},"93":{"start":{"line":94,"column":0},"end":{"line":94,"column":12}},"94":{"start":{"line":95,"column":0},"end":{"line":95,"column":9}},"95":{"start":{"line":96,"column":0},"end":{"line":96,"column":68}},"96":{"start":{"line":97,"column":0},"end":{"line":97,"column":85}},"97":{"start":{"line":98,"column":0},"end":{"line":98,"column":78}},"98":{"start":{"line":99,"column":0},"end":{"line":99,"column":6}},"99":{"start":{"line":100,"column":0},"end":{"line":100,"column":3}},"101":{"start":{"line":102,"column":0},"end":{"line":102,"column":10}},"102":{"start":{"line":103,"column":0},"end":{"line":103,"column":7}},"103":{"start":{"line":104,"column":0},"end":{"line":104,"column":16}},"104":{"start":{"line":105,"column":0},"end":{"line":105,"column":45}},"105":{"start":{"line":106,"column":0},"end":{"line":106,"column":39}},"107":{"start":{"line":108,"column":0},"end":{"line":108,"column":16}},"108":{"start":{"line":109,"column":0},"end":{"line":109,"column":10}},"109":{"start":{"line":110,"column":0},"end":{"line":110,"column":4}},"110":{"start":{"line":111,"column":0},"end":{"line":111,"column":1}},"115":{"start":{"line":116,"column":0},"end":{"line":116,"column":73}},"116":{"start":{"line":117,"column":0},"end":{"line":117,"column":61}},"117":{"start":{"line":118,"column":0},"end":{"line":118,"column":82}},"118":{"start":{"line":119,"column":0},"end":{"line":119,"column":3}},"120":{"start":{"line":121,"column":0},"end":{"line":121,"column":10}},"121":{"start":{"line":122,"column":0},"end":{"line":122,"column":25}},"122":{"start":{"line":123,"column":0},"end":{"line":123,"column":37}},"123":{"start":{"line":124,"column":0},"end":{"line":124,"column":27}},"124":{"start":{"line":125,"column":0},"end":{"line":125,"column":36}},"125":{"start":{"line":126,"column":0},"end":{"line":126,"column":4}},"126":{"start":{"line":127,"column":0},"end":{"line":127,"column":1}},"131":{"start":{"line":132,"column":0},"end":{"line":132,"column":38}},"132":{"start":{"line":133,"column":0},"end":{"line":133,"column":22}},"133":{"start":{"line":134,"column":0},"end":{"line":134,"column":14}},"134":{"start":{"line":135,"column":0},"end":{"line":135,"column":14}},"135":{"start":{"line":136,"column":0},"end":{"line":136,"column":22}},"136":{"start":{"line":137,"column":0},"end":{"line":137,"column":12}},"137":{"start":{"line":138,"column":0},"end":{"line":138,"column":44}},"139":{"start":{"line":140,"column":0},"end":{"line":140,"column":19}},"140":{"start":{"line":141,"column":0},"end":{"line":141,"column":79}},"141":{"start":{"line":142,"column":0},"end":{"line":142,"column":3}},"143":{"start":{"line":144,"column":0},"end":{"line":144,"column":10}},"144":{"start":{"line":145,"column":0},"end":{"line":145,"column":77}},"145":{"start":{"line":146,"column":0},"end":{"line":146,"column":58}},"146":{"start":{"line":147,"column":0},"end":{"line":147,"column":45}},"147":{"start":{"line":148,"column":0},"end":{"line":148,"column":39}},"149":{"start":{"line":150,"column":0},"end":{"line":150,"column":16}},"150":{"start":{"line":151,"column":0},"end":{"line":151,"column":10}},"151":{"start":{"line":152,"column":0},"end":{"line":152,"column":4}},"152":{"start":{"line":153,"column":0},"end":{"line":153,"column":1}}},"s":{"49":1,"54":1,"55":39,"56":39,"57":39,"58":39,"59":39,"60":31,"61":31,"63":39,"64":39,"65":39,"66":39,"67":39,"72":1,"73":52,"74":52,"79":1,"80":0,"81":0,"86":1,"87":0,"88":0,"90":0,"91":0,"93":0,"94":0,"95":0,"96":0,"97":0,"98":0,"99":0,"101":0,"102":0,"103":0,"104":0,"105":0,"107":0,"108":0,"109":0,"110":0,"115":1,"116":30,"117":0,"118":0,"120":30,"121":30,"122":30,"123":30,"124":30,"125":30,"126":30,"131":1,"132":52,"133":52,"134":52,"135":52,"136":52,"137":52,"139":52,"140":0,"141":0,"143":52,"144":52,"145":52,"146":52,"147":52,"149":52,"150":52,"151":52,"152":52},"branchMap":{"0":{"type":"branch","line":55,"loc":{"start":{"line":55,"column":7},"end":{"line":68,"column":1}},"locations":[{"start":{"line":55,"column":7},"end":{"line":68,"column":1}}]},"1":{"type":"branch","line":60,"loc":{"start":{"line":60,"column":28},"end":{"line":62,"column":3}},"locations":[{"start":{"line":60,"column":28},"end":{"line":62,"column":3}}]},"2":{"type":"branch","line":73,"loc":{"start":{"line":73,"column":7},"end":{"line":75,"column":1}},"locations":[{"start":{"line":73,"column":7},"end":{"line":75,"column":1}}]},"3":{"type":"branch","line":116,"loc":{"start":{"line":116,"column":7},"end":{"line":127,"column":1}},"locations":[{"start":{"line":116,"column":7},"end":{"line":127,"column":1}}]},"4":{"type":"branch","line":117,"loc":{"start":{"line":117,"column":60},"end":{"line":119,"column":3}},"locations":[{"start":{"line":117,"column":60},"end":{"line":119,"column":3}}]},"5":{"type":"branch","line":122,"loc":{"start":{"line":122,"column":16},"end":{"line":122,"column":25}},"locations":[{"start":{"line":122,"column":16},"end":{"line":122,"column":25}}]},"6":{"type":"branch","line":132,"loc":{"start":{"line":132,"column":7},"end":{"line":153,"column":1}},"locations":[{"start":{"line":132,"column":7},"end":{"line":153,"column":1}}]},"7":{"type":"branch","line":140,"loc":{"start":{"line":140,"column":18},"end":{"line":142,"column":3}},"locations":[{"start":{"line":140,"column":18},"end":{"line":142,"column":3}}]},"8":{"type":"branch","line":145,"loc":{"start":{"line":145,"column":8},"end":{"line":145,"column":77}},"locations":[{"start":{"line":145,"column":8},"end":{"line":145,"column":77}}]},"9":{"type":"branch","line":146,"loc":{"start":{"line":146,"column":17},"end":{"line":146,"column":58}},"locations":[{"start":{"line":146,"column":17},"end":{"line":146,"column":58}}]},"10":{"type":"branch","line":147,"loc":{"start":{"line":147,"column":13},"end":{"line":147,"column":45}},"locations":[{"start":{"line":147,"column":13},"end":{"line":147,"column":45}}]},"11":{"type":"branch","line":148,"loc":{"start":{"line":148,"column":10},"end":{"line":148,"column":39}},"locations":[{"start":{"line":148,"column":10},"end":{"line":148,"column":39}}]}},"b":{"0":[39],"1":[31],"2":[52],"3":[30],"4":[0],"5":[0],"6":[52],"7":[0],"8":[0],"9":[0],"10":[57],"11":[7]},"fnMap":{"0":{"name":"registerCommand","decl":{"start":{"line":55,"column":7},"end":{"line":68,"column":1}},"loc":{"start":{"line":55,"column":7},"end":{"line":68,"column":1}},"line":55},"1":{"name":"getCommand","decl":{"start":{"line":73,"column":7},"end":{"line":75,"column":1}},"loc":{"start":{"line":73,"column":7},"end":{"line":75,"column":1}},"line":73},"2":{"name":"hasCommand","decl":{"start":{"line":80,"column":7},"end":{"line":82,"column":1}},"loc":{"start":{"line":80,"column":7},"end":{"line":82,"column":1}},"line":80},"3":{"name":"hydrateCommand","decl":{"start":{"line":87,"column":7},"end":{"line":111,"column":1}},"loc":{"start":{"line":87,"column":7},"end":{"line":111,"column":1}},"line":87},"4":{"name":"dehydrateCommand","decl":{"start":{"line":116,"column":7},"end":{"line":127,"column":1}},"loc":{"start":{"line":116,"column":7},"end":{"line":127,"column":1}},"line":116},"5":{"name":"createRegistryCommand","decl":{"start":{"line":132,"column":7},"end":{"line":153,"column":1}},"loc":{"start":{"line":132,"column":7},"end":{"line":153,"column":1}},"line":132},"6":{"name":"execute","decl":{"start":{"line":147,"column":13},"end":{"line":147,"column":45}},"loc":{"start":{"line":147,"column":13},"end":{"line":147,"column":45}},"line":147},"7":{"name":"undo","decl":{"start":{"line":148,"column":10},"end":{"line":148,"column":39}},"loc":{"start":{"line":148,"column":10},"end":{"line":148,"column":39}},"line":148}},"f":{"0":39,"1":52,"2":0,"3":0,"4":30,"5":52,"6":57,"7":7}}
,"/Users/jaakkorajala/undo-redo/src/UndoRedo/utils/commandUtils.ts": {"path":"/Users/jaakkorajala/undo-redo/src/UndoRedo/utils/commandUtils.ts","all":false,"statementMap":{"2":{"start":{"line":3,"column":0},"end":{"line":3,"column":75}},"7":{"start":{"line":8,"column":0},"end":{"line":8,"column":45}},"8":{"start":{"line":9,"column":0},"end":{"line":9,"column":65}},"9":{"start":{"line":10,"column":0},"end":{"line":10,"column":35}},"10":{"start":{"line":11,"column":0},"end":{"line":11,"column":46}},"11":{"start":{"line":12,"column":0},"end":{"line":12,"column":1}},"16":{"start":{"line":17,"column":0},"end":{"line":17,"column":40}},"21":{"start":{"line":22,"column":0},"end":{"line":22,"column":13}},"22":{"start":{"line":23,"column":0},"end":{"line":23,"column":10}},"23":{"start":{"line":24,"column":0},"end":{"line":24,"column":29}},"24":{"start":{"line":25,"column":0},"end":{"line":25,"column":23}},"25":{"start":{"line":26,"column":0},"end":{"line":26,"column":58}},"26":{"start":{"line":27,"column":0},"end":{"line":27,"column":42}},"27":{"start":{"line":28,"column":0},"end":{"line":28,"column":4}},"28":{"start":{"line":29,"column":0},"end":{"line":29,"column":1}},"33":{"start":{"line":34,"column":0},"end":{"line":34,"column":92}},"34":{"start":{"line":35,"column":0},"end":{"line":35,"column":10}},"35":{"start":{"line":36,"column":0},"end":{"line":36,"column":58}},"36":{"start":{"line":37,"column":0},"end":{"line":37,"column":67}},"37":{"start":{"line":38,"column":0},"end":{"line":38,"column":52}},"38":{"start":{"line":39,"column":0},"end":{"line":39,"column":28}},"39":{"start":{"line":40,"column":0},"end":{"line":40,"column":4}},"40":{"start":{"line":41,"column":0},"end":{"line":41,"column":1}},"46":{"start":{"line":47,"column":0},"end":{"line":47,"column":59}},"49":{"start":{"line":50,"column":0},"end":{"line":50,"column":3}},"51":{"start":{"line":52,"column":0},"end":{"line":52,"column":72}},"52":{"start":{"line":53,"column":0},"end":{"line":53,"column":83}},"53":{"start":{"line":54,"column":0},"end":{"line":54,"column":50}},"54":{"start":{"line":55,"column":0},"end":{"line":55,"column":3}},"57":{"start":{"line":58,"column":0},"end":{"line":58,"column":71}},"58":{"start":{"line":59,"column":0},"end":{"line":59,"column":75}},"59":{"start":{"line":60,"column":0},"end":{"line":60,"column":50}},"60":{"start":{"line":61,"column":0},"end":{"line":61,"column":3}},"63":{"start":{"line":64,"column":0},"end":{"line":64,"column":79}},"64":{"start":{"line":65,"column":0},"end":{"line":65,"column":46}},"65":{"start":{"line":66,"column":0},"end":{"line":66,"column":3}},"67":{"start":{"line":68,"column":0},"end":{"line":68,"column":29}},"68":{"start":{"line":69,"column":0},"end":{"line":69,"column":1}},"73":{"start":{"line":74,"column":0},"end":{"line":74,"column":40}},"74":{"start":{"line":75,"column":0},"end":{"line":75,"column":23}},"75":{"start":{"line":76,"column":0},"end":{"line":76,"column":15}},"76":{"start":{"line":77,"column":0},"end":{"line":77,"column":22}},"77":{"start":{"line":78,"column":0},"end":{"line":78,"column":12}},"78":{"start":{"line":79,"column":0},"end":{"line":79,"column":31}},"79":{"start":{"line":80,"column":0},"end":{"line":80,"column":16}},"80":{"start":{"line":81,"column":0},"end":{"line":81,"column":11}},"81":{"start":{"line":82,"column":0},"end":{"line":82,"column":24}},"82":{"start":{"line":83,"column":0},"end":{"line":83,"column":15}},"83":{"start":{"line":84,"column":0},"end":{"line":84,"column":4}},"84":{"start":{"line":85,"column":0},"end":{"line":85,"column":1}},"90":{"start":{"line":91,"column":0},"end":{"line":91,"column":46}},"91":{"start":{"line":92,"column":0},"end":{"line":92,"column":23}},"92":{"start":{"line":93,"column":0},"end":{"line":93,"column":33}},"93":{"start":{"line":94,"column":0},"end":{"line":94,"column":9}},"94":{"start":{"line":95,"column":0},"end":{"line":95,"column":18}},"95":{"start":{"line":96,"column":0},"end":{"line":96,"column":16}},"97":{"start":{"line":98,"column":0},"end":{"line":98,"column":47}},"98":{"start":{"line":99,"column":0},"end":{"line":99,"column":35}},"99":{"start":{"line":100,"column":0},"end":{"line":100,"column":6}},"101":{"start":{"line":102,"column":0},"end":{"line":102,"column":47}},"102":{"start":{"line":103,"column":0},"end":{"line":103,"column":35}},"103":{"start":{"line":104,"column":0},"end":{"line":104,"column":5}},"104":{"start":{"line":105,"column":0},"end":{"line":105,"column":4}},"105":{"start":{"line":106,"column":0},"end":{"line":106,"column":1}},"110":{"start":{"line":111,"column":0},"end":{"line":111,"column":44}},"111":{"start":{"line":112,"column":0},"end":{"line":112,"column":22}},"112":{"start":{"line":113,"column":0},"end":{"line":113,"column":14}},"113":{"start":{"line":114,"column":0},"end":{"line":114,"column":14}},"114":{"start":{"line":115,"column":0},"end":{"line":115,"column":22}},"115":{"start":{"line":116,"column":0},"end":{"line":116,"column":12}},"116":{"start":{"line":117,"column":0},"end":{"line":117,"column":33}},"117":{"start":{"line":118,"column":0},"end":{"line":118,"column":16}},"118":{"start":{"line":119,"column":0},"end":{"line":119,"column":27}},"119":{"start":{"line":120,"column":0},"end":{"line":120,"column":59}},"120":{"start":{"line":121,"column":0},"end":{"line":121,"column":4}},"121":{"start":{"line":122,"column":0},"end":{"line":122,"column":1}}},"s":{"2":1,"7":1,"8":52,"9":52,"10":52,"11":52,"16":1,"21":0,"22":0,"23":0,"24":0,"25":0,"26":0,"27":0,"28":0,"33":1,"34":0,"35":0,"36":0,"37":0,"38":0,"39":0,"40":0,"46":1,"49":0,"51":0,"52":0,"53":0,"54":0,"57":0,"58":0,"59":0,"60":0,"63":0,"64":0,"65":0,"67":0,"68":0,"73":1,"74":52,"75":52,"76":52,"77":52,"78":52,"79":52,"80":52,"81":52,"82":52,"83":52,"84":52,"90":1,"91":31,"92":31,"93":31,"94":31,"95":31,"97":31,"98":57,"99":57,"101":31,"102":7,"103":7,"104":31,"105":31,"110":1,"111":52,"112":52,"113":52,"114":52,"115":52,"116":52,"117":52,"118":52,"119":52,"120":52,"121":52},"branchMap":{"0":{"type":"branch","line":8,"loc":{"start":{"line":8,"column":7},"end":{"line":12,"column":1}},"locations":[{"start":{"line":8,"column":7},"end":{"line":12,"column":1}}]},"1":{"type":"branch","line":74,"loc":{"start":{"line":74,"column":7},"end":{"line":85,"column":1}},"locations":[{"start":{"line":74,"column":7},"end":{"line":85,"column":1}}]},"2":{"type":"branch","line":91,"loc":{"start":{"line":91,"column":7},"end":{"line":106,"column":1}},"locations":[{"start":{"line":91,"column":7},"end":{"line":106,"column":1}}]},"3":{"type":"branch","line":98,"loc":{"start":{"line":98,"column":4},"end":{"line":100,"column":6}},"locations":[{"start":{"line":98,"column":4},"end":{"line":100,"column":6}}]},"4":{"type":"branch","line":102,"loc":{"start":{"line":102,"column":4},"end":{"line":104,"column":5}},"locations":[{"start":{"line":102,"column":4},"end":{"line":104,"column":5}}]},"5":{"type":"branch","line":111,"loc":{"start":{"line":111,"column":7},"end":{"line":122,"column":1}},"locations":[{"start":{"line":111,"column":7},"end":{"line":122,"column":1}}]},"6":{"type":"branch","line":120,"loc":{"start":{"line":120,"column":4},"end":{"line":120,"column":59}},"locations":[{"start":{"line":120,"column":4},"end":{"line":120,"column":59}}]}},"b":{"0":[52],"1":[52],"2":[31],"3":[57],"4":[7],"5":[52],"6":[0]},"fnMap":{"0":{"name":"generateCommandId","decl":{"start":{"line":8,"column":7},"end":{"line":12,"column":1}},"loc":{"start":{"line":8,"column":7},"end":{"line":12,"column":1}},"line":8},"1":{"name":"createCommand","decl":{"start":{"line":17,"column":7},"end":{"line":29,"column":1}},"loc":{"start":{"line":17,"column":7},"end":{"line":29,"column":1}},"line":17},"2":{"name":"createCompositeCommand","decl":{"start":{"line":34,"column":7},"end":{"line":41,"column":1}},"loc":{"start":{"line":34,"column":7},"end":{"line":41,"column":1}},"line":34},"3":{"name":"analyzeCommandString","decl":{"start":{"line":47,"column":7},"end":{"line":69,"column":1}},"loc":{"start":{"line":47,"column":7},"end":{"line":69,"column":1}},"line":47},"4":{"name":"createRegisteredCommand","decl":{"start":{"line":74,"column":7},"end":{"line":85,"column":1}},"loc":{"start":{"line":74,"column":7},"end":{"line":85,"column":1}},"line":74},"5":{"name":"registerValueChangeCommand","decl":{"start":{"line":91,"column":7},"end":{"line":106,"column":1}},"loc":{"start":{"line":91,"column":7},"end":{"line":106,"column":1}},"line":91},"6":{"name":"createValueChangeCommand","decl":{"start":{"line":111,"column":7},"end":{"line":122,"column":1}},"loc":{"start":{"line":111,"column":7},"end":{"line":122,"column":1}},"line":111}},"f":{"0":52,"1":0,"2":0,"3":0,"4":52,"5":31,"6":52}}
,"/Users/jaakkorajala/undo-redo/src/UndoRedo/utils/persistenceUtils.ts": {"path":"/Users/jaakkorajala/undo-redo/src/UndoRedo/utils/persistenceUtils.ts","all":false,"statementMap":{"2":{"start":{"line":3,"column":0},"end":{"line":3,"column":70}},"3":{"start":{"line":4,"column":0},"end":{"line":4,"column":90}},"8":{"start":{"line":9,"column":0},"end":{"line":9,"column":91}},"10":{"start":{"line":11,"column":0},"end":{"line":11,"column":52}},"11":{"start":{"line":12,"column":0},"end":{"line":12,"column":33}},"12":{"start":{"line":13,"column":0},"end":{"line":13,"column":3}},"15":{"start":{"line":16,"column":0},"end":{"line":16,"column":94}},"16":{"start":{"line":17,"column":0},"end":{"line":17,"column":41}},"19":{"start":{"line":20,"column":0},"end":{"line":20,"column":49}},"20":{"start":{"line":21,"column":0},"end":{"line":21,"column":38}},"21":{"start":{"line":22,"column":0},"end":{"line":22,"column":26}},"22":{"start":{"line":23,"column":0},"end":{"line":23,"column":5}},"23":{"start":{"line":24,"column":0},"end":{"line":24,"column":5}},"26":{"start":{"line":27,"column":0},"end":{"line":27,"column":42}},"27":{"start":{"line":28,"column":0},"end":{"line":28,"column":36}},"29":{"start":{"line":30,"column":0},"end":{"line":30,"column":16}},"30":{"start":{"line":31,"column":0},"end":{"line":31,"column":1}},"35":{"start":{"line":36,"column":0},"end":{"line":36,"column":62}},"37":{"start":{"line":38,"column":0},"end":{"line":38,"column":66}},"38":{"start":{"line":39,"column":0},"end":{"line":39,"column":61}},"39":{"start":{"line":40,"column":0},"end":{"line":40,"column":3}},"42":{"start":{"line":43,"column":0},"end":{"line":43,"column":103}},"45":{"start":{"line":46,"column":0},"end":{"line":46,"column":10}},"46":{"start":{"line":47,"column":0},"end":{"line":47,"column":22}},"47":{"start":{"line":48,"column":0},"end":{"line":48,"column":60}},"49":{"start":{"line":50,"column":0},"end":{"line":50,"column":92}},"50":{"start":{"line":51,"column":0},"end":{"line":51,"column":86}},"51":{"start":{"line":52,"column":0},"end":{"line":52,"column":4}},"52":{"start":{"line":53,"column":0},"end":{"line":53,"column":1}},"57":{"start":{"line":58,"column":0},"end":{"line":58,"column":60}},"59":{"start":{"line":60,"column":0},"end":{"line":60,"column":19}},"60":{"start":{"line":61,"column":0},"end":{"line":61,"column":43}},"61":{"start":{"line":62,"column":0},"end":{"line":62,"column":3}},"65":{"start":{"line":66,"column":0},"end":{"line":66,"column":82}},"67":{"start":{"line":68,"column":0},"end":{"line":68,"column":83}},"68":{"start":{"line":69,"column":0},"end":{"line":69,"column":57}},"69":{"start":{"line":70,"column":0},"end":{"line":70,"column":1}},"74":{"start":{"line":75,"column":0},"end":{"line":75,"column":35}},"75":{"start":{"line":76,"column":0},"end":{"line":76,"column":22}},"76":{"start":{"line":77,"column":0},"end":{"line":77,"column":23}},"77":{"start":{"line":78,"column":0},"end":{"line":78,"column":23}},"78":{"start":{"line":79,"column":0},"end":{"line":79,"column":23}},"79":{"start":{"line":80,"column":0},"end":{"line":80,"column":23}},"80":{"start":{"line":81,"column":0},"end":{"line":81,"column":9}},"81":{"start":{"line":82,"column":0},"end":{"line":82,"column":7}},"82":{"start":{"line":83,"column":0},"end":{"line":83,"column":25}},"83":{"start":{"line":84,"column":0},"end":{"line":84,"column":49}},"84":{"start":{"line":85,"column":0},"end":{"line":85,"column":49}},"85":{"start":{"line":86,"column":0},"end":{"line":86,"column":19}},"86":{"start":{"line":87,"column":0},"end":{"line":87,"column":19}},"87":{"start":{"line":88,"column":0},"end":{"line":88,"column":6}},"89":{"start":{"line":90,"column":0},"end":{"line":90,"column":66}},"90":{"start":{"line":91,"column":0},"end":{"line":91,"column":49}},"91":{"start":{"line":92,"column":0},"end":{"line":92,"column":22}},"92":{"start":{"line":93,"column":0},"end":{"line":93,"column":38}},"93":{"start":{"line":94,"column":0},"end":{"line":94,"column":37}},"94":{"start":{"line":95,"column":0},"end":{"line":95,"column":7}},"95":{"start":{"line":96,"column":0},"end":{"line":96,"column":19}},"96":{"start":{"line":97,"column":0},"end":{"line":97,"column":59}},"97":{"start":{"line":98,"column":0},"end":{"line":98,"column":3}},"98":{"start":{"line":99,"column":0},"end":{"line":99,"column":1}},"103":{"start":{"line":104,"column":0},"end":{"line":104,"column":63}},"104":{"start":{"line":105,"column":0},"end":{"line":105,"column":7}},"105":{"start":{"line":106,"column":0},"end":{"line":106,"column":56}},"106":{"start":{"line":107,"column":0},"end":{"line":107,"column":33}},"107":{"start":{"line":108,"column":0},"end":{"line":108,"column":64}},"108":{"start":{"line":109,"column":0},"end":{"line":109,"column":47}},"111":{"start":{"line":112,"column":0},"end":{"line":112,"column":32}},"112":{"start":{"line":113,"column":0},"end":{"line":113,"column":76}},"113":{"start":{"line":114,"column":0},"end":{"line":114,"column":5}},"115":{"start":{"line":116,"column":0},"end":{"line":116,"column":32}},"116":{"start":{"line":117,"column":0},"end":{"line":117,"column":76}},"117":{"start":{"line":118,"column":0},"end":{"line":118,"column":5}},"119":{"start":{"line":120,"column":0},"end":{"line":120,"column":23}},"120":{"start":{"line":121,"column":0},"end":{"line":121,"column":19}},"121":{"start":{"line":122,"column":0},"end":{"line":122,"column":60}},"122":{"start":{"line":123,"column":0},"end":{"line":123,"column":16}},"123":{"start":{"line":124,"column":0},"end":{"line":124,"column":3}},"124":{"start":{"line":125,"column":0},"end":{"line":125,"column":1}},"129":{"start":{"line":130,"column":0},"end":{"line":130,"column":60}},"130":{"start":{"line":131,"column":0},"end":{"line":131,"column":38}},"131":{"start":{"line":132,"column":0},"end":{"line":132,"column":62}},"132":{"start":{"line":133,"column":0},"end":{"line":133,"column":1}}},"s":{"2":1,"3":1,"8":1,"10":33,"11":30,"12":
[...]
ne":44,"column":9}},"44":{"start":{"line":45,"column":0},"end":{"line":45,"column":9}},"45":{"start":{"line":46,"column":0},"end":{"line":46,"column":26}},"47":{"start":{"line":48,"column":0},"end":{"line":48,"column":10}},"48":{"start":{"line":49,"column":0},"end":{"line":49,"column":9}},"49":{"start":{"line":50,"column":0},"end":{"line":50,"column":62}},"50":{"start":{"line":51,"column":0},"end":{"line":51,"column":62}},"51":{"start":{"line":52,"column":0},"end":{"line":52,"column":52}},"52":{"start":{"line":53,"column":0},"end":{"line":53,"column":38}},"53":{"start":{"line":54,"column":0},"end":{"line":54,"column":94}},"54":{"start":{"line":55,"column":0},"end":{"line":55,"column":17}},"55":{"start":{"line":56,"column":0},"end":{"line":56,"column":18}},"56":{"start":{"line":57,"column":0},"end":{"line":57,"column":29}},"57":{"start":{"line":58,"column":0},"end":{"line":58,"column":36}},"58":{"start":{"line":59,"column":0},"end":{"line":59,"column":42}},"59":{"start":{"line":60,"column":0},"end":{"line":60,"column":19}},"61":{"start":{"line":62,"column":0},"end":{"line":62,"column":18}},"62":{"start":{"line":63,"column":0},"end":{"line":63,"column":75}},"63":{"start":{"line":64,"column":0},"end":{"line":64,"column":25}},"64":{"start":{"line":65,"column":0},"end":{"line":65,"column":65}},"65":{"start":{"line":66,"column":0},"end":{"line":66,"column":53}},"66":{"start":{"line":67,"column":0},"end":{"line":67,"column":14}},"67":{"start":{"line":68,"column":0},"end":{"line":68,"column":14}},"69":{"start":{"line":70,"column":0},"end":{"line":70,"column":10}},"71":{"start":{"line":72,"column":0},"end":{"line":72,"column":2}},"74":{"start":{"line":75,"column":0},"end":{"line":75,"column":57}},"75":{"start":{"line":76,"column":0},"end":{"line":76,"column":11}},"76":{"start":{"line":77,"column":0},"end":{"line":77,"column":21}},"77":{"start":{"line":78,"column":0},"end":{"line":78,"column":45}},"78":{"start":{"line":79,"column":0},"end":{"line":79,"column":30}},"80":{"start":{"line":81,"column":0},"end":{"line":81,"column":41}},"81":{"start":{"line":82,"column":0},"end":{"line":82,"column":35}},"82":{"start":{"line":83,"column":0},"end":{"line":83,"column":11}},"85":{"start":{"line":86,"column":0},"end":{"line":86,"column":12}},"86":{"start":{"line":87,"column":0},"end":{"line":87,"column":11}},"87":{"start":{"line":88,"column":0},"end":{"line":88,"column":90}},"89":{"start":{"line":90,"column":0},"end":{"line":90,"column":12}},"90":{"start":{"line":91,"column":0},"end":{"line":91,"column":12}},"91":{"start":{"line":92,"column":0},"end":{"line":92,"column":17}},"92":{"start":{"line":93,"column":0},"end":{"line":93,"column":70}},"93":{"start":{"line":94,"column":0},"end":{"line":94,"column":23}},"95":{"start":{"line":96,"column":0},"end":{"line":96,"column":2}}},"s":{"1":1,"6":1,"9":1,"12":24,"13":24,"14":24,"15":24,"18":24,"19":24,"20":24,"22":24,"23":24,"24":24,"25":24,"26":24,"27":24,"28":24,"29":24,"30":24,"31":24,"32":24,"34":24,"36":1,"37":24,"38":24,"39":24,"40":24,"41":24,"42":24,"43":24,"44":24,"45":24,"47":24,"48":24,"49":24,"50":24,"51":24,"52":24,"53":24,"54":24,"55":24,"56":24,"57":24,"58":24,"59":24,"61":24,"62":24,"63":24,"64":24,"65":0,"66":24,"67":24,"69":24,"71":24,"74":1,"75":5,"76":5,"77":5,"78":5,"80":5,"81":5,"82":5,"85":5,"86":5,"87":5,"89":5,"90":5,"91":5,"92":5,"93":5,"95":5},"branchMap":{"0":{"type":"branch","line":10,"loc":{"start":{"line":10,"column":23},"end":{"line":35,"column":2}},"locations":[{"start":{"line":10,"column":23},"end":{"line":35,"column":2}}]},"1":{"type":"branch","line":19,"loc":{"start":{"line":19,"column":20},"end":{"line":19,"column":46}},"locations":[{"start":{"line":19,"column":20},"end":{"line":19,"column":46}}]},"2":{"type":"branch","line":20,"loc":{"start":{"line":20,"column":20},"end":{"line":20,"column":46}},"locations":[{"start":{"line":20,"column":20},"end":{"line":20,"column":46}}]},"3":{"type":"branch","line":37,"loc":{"start":{"line":37,"column":29},"end":{"line":72,"column":2}},"locations":[{"start":{"line":37,"column":29},"end":{"line":72,"column":2}}]},"4":{"type":"branch","line":65,"loc":{"start":{"line":65,"column":16},"end":{"line":66,"column":53}},"locations":[{"start":{"line":65,"column":16},"end":{"line":66,"column":53}}]},"5":{"type":"branch","line":75,"loc":{"start":{"line":75,"column":50},"end":{"line":96,"column":2}},"locations":[{"start":{"line":75,"column":50},"end":{"line":96,"column":2}}]}},"b":{"0":[24],"1":[9],"2":[1],"3":[24],"4":[0],"5":[5]},"fnMap":{"0":{"name":"Counter","decl":{"start":{"line":10,"column":23},"end":{"line":35,"column":2}},"loc":{"start":{"line":10,"column":23},"end":{"line":35,"column":2}},"line":10},"1":{"name":"increment","decl":{"start":{"line":19,"column":20},"end":{"line":19,"column":46}},"loc":{"start":{"line":19,"column":20},"end":{"line":19,"column":46}},"line":19},"2":{"name":"decrement","decl":{"start":{"line":20,"column":20},"end":{"line":20,"column":46}},"loc":{"start":{"line":20,"column":20},"end":{"line":20,"column":46}},"line":20},"3":{"name":"reset","decl":{"start":{"line":21,"column":16},"end":{"line":21,"column":35}},"loc":{"start":{"line":21,"column":16},"end":{"line":21,"column":35}},"line":21},"4":{"name":"CustomRenderControls","decl":{"start":{"line":37,"column":29},"end":{"line":72,"column":2}},"loc":{"start":{"line":37,"column":29},"end":{"line":72,"column":2}},"line":37},"5":{"name":"PersistentCounterExample","decl":{"start":{"line":75,"column":50},"end":{"line":96,"column":2}},"loc":{"start":{"line":75,"column":50},"end":{"line":96,"column":2}},"line":75}},"f":{"0":24,"1":9,"2":1,"3":0,"4":24,"5":5}}
,"/Users/jaakkorajala/undo-redo/src/examples/05-persistence-toggle/PersistentToggleCounter.tsx": {"path":"/Users/jaakkorajala/undo-redo/src/examples/05-persistence-toggle/PersistentToggleCounter.tsx","all":false,"statementMap":{"0":{"start":{"line":1,"column":0},"end":{"line":1,"column":34}},"1":{"start":{"line":2,"column":0},"end":{"line":2,"column":8}},"6":{"start":{"line":7,"column":0},"end":{"line":7,"column":74}},"7":{"start":{"line":8,"column":0},"end":{"line":8,"column":46}},"8":{"start":{"line":9,"column":0},"end":{"line":9,"column":52}},"10":{"start":{"line":11,"column":0},"end":{"line":11,"column":48}},"12":{"start":{"line":13,"column":0},"end":{"line":13,"column":46}},"14":{"start":{"line":15,"column":0},"end":{"line":15,"column":19}},"16":{"start":{"line":17,"column":0},"end":{"line":17,"column":39}},"17":{"start":{"line":18,"column":0},"end":{"line":18,"column":26}},"18":{"start":{"line":19,"column":0},"end":{"line":19,"column":18}},"21":{"start":{"line":22,"column":0},"end":{"line":22,"column":68}},"22":{"start":{"line":23,"column":0},"end":{"line":23,"column":7}},"23":{"start":{"line":24,"column":0},"end":{"line":24,"column":6}},"26":{"start":{"line":27,"column":0},"end":{"line":27,"column":20}},"27":{"start":{"line":28,"column":0},"end":{"line":28,"column":26}},"28":{"start":{"line":29,"column":0},"end":{"line":29,"column":38}},"30":{"start":{"line":31,"column":0},"end":{"line":31,"column":55}},"31":{"start":{"line":32,"column":0},"end":{"line":32,"column":8}},"32":{"start":{"line":33,"column":0},"end":{"line":33,"column":38}},"34":{"start":{"line":35,"column":0},"end":{"line":35,"column":64}},"35":{"start":{"line":36,"column":0},"end":{"line":36,"column":7}},"36":{"start":{"line":37,"column":0},"end":{"line":37,"column":6}},"38":{"start":{"line":39,"column":0},"end":{"line":39,"column":20}},"39":{"start":{"line":40,"column":0},"end":{"line":40,"column":22}},"40":{"start":{"line":41,"column":0},"end":{"line":41,"column":46}},"42":{"start":{"line":43,"column":0},"end":{"line":43,"column":60}},"43":{"start":{"line":44,"column":0},"end":{"line":44,"column":8}},"44":{"start":{"line":45,"column":0},"end":{"line":45,"column":46}},"46":{"start":{"line":47,"column":0},"end":{"line":47,"column":62}},"47":{"start":{"line":48,"column":0},"end":{"line":48,"column":7}},"48":{"start":{"line":49,"column":0},"end":{"line":49,"column":6}},"49":{"start":{"line":50,"column":0},"end":{"line":50,"column":9}},"51":{"start":{"line":52,"column":0},"end":{"line":52,"column":10}},"52":{"start":{"line":53,"column":0},"end":{"line":53,"column":39}},"53":{"start":{"line":54,"column":0},"end":{"line":54,"column":40}},"54":{"start":{"line":55,"column":0},"end":{"line":55,"column":9}},"57":{"start":{"line":58,"column":0},"end":{"line":58,"column":10}},"58":{"start":{"line":59,"column":0},"end":{"line":59,"column":75}},"59":{"start":{"line":60,"column":0},"end":{"line":60,"column":40}},"60":{"start":{"line":61,"column":0},"end":{"line":61,"column":65}},"61":{"start":{"line":62,"column":0},"end":{"line":62,"column":21}},"62":{"start":{"line":63,"column":0},"end":{"line":63,"column":14}},"64":{"start":{"line":65,"column":0},"end":{"line":65,"column":42}},"65":{"start":{"line":66,"column":0},"end":{"line":66,"column":54}},"66":{"start":{"line":67,"column":0},"end":{"line":67,"column":29}},"67":{"start":{"line":68,"column":0},"end":{"line":68,"column":14}},"69":{"start":{"line":70,"column":0},"end":{"line":70,"column":99}},"72":{"start":{"line":73,"column":0},"end":{"line":73,"column":16}},"73":{"start":{"line":74,"column":0},"end":{"line":74,"column":88}},"75":{"start":{"line":76,"column":0},"end":{"line":76,"column":14}},"76":{"start":{"line":77,"column":0},"end":{"line":77,"column":25}},"77":{"start":{"line":78,"column":0},"end":{"line":78,"column":38}},"78":{"start":{"line":79,"column":0},"end":{"line":79,"column":53}},"79":{"start":{"line":80,"column":0},"end":{"line":80,"column":10}},"80":{"start":{"line":81,"column":0},"end":{"line":81,"column":25}},"81":{"start":{"line":82,"column":0},"end":{"line":82,"column":10}},"83":{"start":{"line":84,"column":0},"end":{"line":84,"column":2}}},"s":{"0":1,"1":1,"6":1,"7":1,"8":1,"10":1,"12":1,"14":4,"16":4,"17":4,"18":4,"21":4,"22":4,"23":4,"26":4,"27":4,"28":4,"30":0,"31":0,"32":4,"34":0,"35":0,"36":4,"38":4,"39":4,"40":4,"42":0,"43":0,"44":4,"46":0,"47":0,"48":4,"49":4,"51":4,"52":4,"53":4,"54":4,"57":4,"58":4,"59":4,"60":4,"61":4,"62":4,"64":4,"65":4,"66":4,"67":4,"69":4,"72":4,"73":4,"75":4,"76":4,"77":4,"78":4,"79":4,"80":4,"81":4,"83":4},"branchMap":{"0":{"type":"branch","line":13,"loc":{"start":{"line":13,"column":39},"end":{"line":84,"column":2}},"locations":[{"start":{"line":13,"column":39},"end":{"line":84,"column":2}}]},"1":{"type":"branch","line":15,"loc":{"start":{"line":15,"column":12},"end":{"line":50,"column":5}},"locations":[{"start":{"line":15,"column":12},"end":{"line":50,"column":5}}]},"2":{"type":"branch","line":19,"loc":{"start":{"line":19,"column":6},"end":{"line":23,"column":7}},"locations":[{"start":{"line":19,"column":6},"end":{"line":23,"column":7}}]}},"b":{"0":[4],"1":[4],"2":[4]},"fnMap":{"0":{"name":"PersistentToggleCounter","decl":{"start":{"line":13,"column":39},"end":{"line":84,"column":2}},"loc":{"start":{"line":13,"column":39},"end":{"line":84,"column":2}},"line":13}},"f":{"0":4}}
,"/Users/jaakkorajala/undo-redo/src/examples/05-persistence-toggle/RegistryCounter.tsx": {"path":"/Users/jaakkorajala/undo-redo/src/examples/05-persistence-toggle/RegistryCounter.tsx","all":false,"statementMap":{"0":{"start":{"line":1,"column":0},"end":{"line":1,"column":49}},"9":{"start":{"line":10,"column":0},"end":{"line":10,"column":38}},"14":{"start":{"line":15,"column":0},"end":{"line":15,"column":64}},"15":{"start":{"line":16,"column":0},"end":{"line":16,"column":32}},"16":{"start":{"line":17,"column":0},"end":{"line":17,"column":5}},"17":{"start":{"line":18,"column":0},"end":{"line":18,"column":4}},"20":{"start":{"line":21,"column":0},"end":{"line":21,"column":83}},"21":{"start":{"line":22,"column":0},"end":{"line":22,"column":83}},"22":{"start":{"line":23,"column":0},"end":{"line":23,"column":35}},"24":{"start":{"line":25,"column":0},"end":{"line":25,"column":10}},"25":{"start":{"line":26,"column":0},"end":{"line":26,"column":29}},"26":{"start":{"line":27,"column":0},"end":{"line":27,"column":32}},"27":{"start":{"line":28,"column":0},"end":{"line":28,"column":54}},"28":{"start":{"line":29,"column":0},"end":{"line":29,"column":54}},"29":{"start":{"line":30,"column":0},"end":{"line":30,"column":54}},"30":{"start":{"line":31,"column":0},"end":{"line":31,"column":12}},"31":{"start":{"line":32,"column":0},"end":{"line":32,"column":30}},"32":{"start":{"line":33,"column":0},"end":{"line":33,"column":29}},"33":{"start":{"line":34,"column":0},"end":{"line":34,"column":73}},"36":{"start":{"line":37,"column":0},"end":{"line":37,"column":12}},"37":{"start":{"line":38,"column":0},"end":{"line":38,"column":12}},"38":{"start":{"line":39,"column":0},"end":{"line":39,"column":10}},"40":{"start":{"line":41,"column":0},"end":{"line":41,"column":2}}},"s":{"0":1,"9":1,"14":17,"15":17,"16":17,"17":17,"20":17,"21":17,"22":17,"24":17,"25":17,"26":17,"27":17,"28":17,"29":17,"30":17,"31":17,"32":17,"33":17,"36":17,"37":17,"38":17,"40":17},"branchMap":{"0":{"type":"branch","line":10,"loc":{"start":{"line":10,"column":31},"end":{"line":41,"column":2}},"locations":[{"start":{"line":10,"column":31},"end":{"line":41,"column":2}}]},"1":{"type":"branch","line":21,"loc":{"start":{"line":21,"column":20},"end":{"line":21,"column":83}},"locations":[{"start":{"line":21,"column":20},"end":{"line":21,"column":83}}]}},"b":{"0":[17],"1":[4]},"fnMap":{"0":{"name":"RegistryCounter","decl":{"start":{"line":10,"column":31},"end":{"line":41,"column":2}},"loc":{"start":{"line":10,"column":31},"end":{"line":41,"column":2}},"line":10},"1":{"name":"increment","decl":{"start":{"line":21,"column":20},"end":{"line":21,"column":83}},"loc":{"start":{"line":21,"column":20},"end":{"line":21,"column":83}},"line":21},"2":{"name":"decrement","decl":{"start":{"line":22,"column":20},"end":{"line":22,"column":83}},"loc":{"start":{"line":22,"column":20},"end":{"line":22,"column":83}},"line":22},"3":{"name":"reset","decl":{"start":{"line":23,"column":16},"end":{"line":23,"column":35}},"loc":{"start":{"line":23,"column":16},"end":{"line":23,"column":35}},"line":23}},"f":{"0":17,"1":4,"2":0,"3":0}}
,"/Users/jaakkorajala/undo-redo/src/test/mockLocalStorage.ts": {"path":"/Users/jaakkorajala/undo-redo/src/test/mockLocalStorage.ts","all":false,"statementMap":{"3":{"start":{"line":4,"column":0},"end":{"line":4,"column":43}},"4":{"start":{"line":5,"column":0},"end":{"line":5,"column":45}},"5":{"start":{"line":6,"column":0},"end":{"line":6,"column":11}},"6":{"start":{"line":7,"column":0},"end":{"line":7,"column":20}},"7":{"start":{"line":8,"column":0},"end":{"line":8,"column":3}},"8":{"start":{"line":9,"column":0},"end":{"line":9,"column":24}},"9":{"start":{"line":10,"column":0},"end":{"line":10,"column":35}},"10":{"start":{"line":11,"column":0},"end":{"line":11,"column":3}},"11":{"start":{"line":12,"column":0},"end":{"line":12,"column":39}},"12":{"start":{"line":13,"column":0},"end":{"line":13,"column":36}},"13":{"start":{"line":14,"column":0},"end":{"line":14,"column":3}},"14":{"start":{"line":15,"column":0},"end":{"line":15,"column":27}},"15":{"start":{"line":16,"column":0},"end":{"line":16,"column":27}},"16":{"start":{"line":17,"column":0},"end":{"line":17,"column":3}},"17":{"start":{"line":18,"column":0},"end":{"line":18,"column":16}},"18":{"start":{"line":19,"column":0},"end":{"line":19,"column":42}},"19":{"start":{"line":20,"column":0},"end":{"line":20,"column":3}},"20":{"start":{"line":21,"column":0},"end":{"line":21,"column":22}},"21":{"start":{"line":22,"column":0},"end":{"line":22,"column":50}},"22":{"start":{"line":23,"column":0},"end":{"line":23,"column":3}},"23":{"start":{"line":24,"column":0},"end":{"line":24,"column":1}},"34":{"start":{"line":35,"column":0},"end":{"line":35,"column":41}},"36":{"start":{"line":37,"column":0},"end":{"line":37,"column":55}},"39":{"start":{"line":40,"column":0},"end":{"line":40,"column":50}},"42":{"start":{"line":43,"column":0},"end":{"line":43,"column":53}},"43":{"start":{"line":44,"column":0},"end":{"line":44,"column":28}},"44":{"start":{"line":45,"column":0},"end":{"line":45,"column":18}},"45":{"start":{"line":46,"column":0},"end":{"line":46,"column":5}},"48":{"start":{"line":49,"column":0},"end":{"line":49,"column":10}},"49":{"start":{"line":50,"column":0},"end":{"line":50,"column":32}},"50":{"start":{"line":51,"column":0},"end":{"line":51,"column":57}},"51":{"start":{"line":52,"column":0},"end":{"line":52,"column":36}},"52":{"start":{"line":53,"column":0},"end":{"line":53,"column":22}},"53":{"start":{"line":54,"column":0},"end":{"line":54,"column":9}},"54":{"start":{"line":55,"column":0},"end":{"line":55,"column":6}},"55":{"start":{"line":56,"column":0},"end":{"line":56,"column":47}},"56":{"start":{"line":57,"column":0},"end":{"line":57,"column":4}},"57":{"start":{"line":58,"column":0},"end":{"line":58,"column":1}}},"s":{"3":1,"4":1,"5":1,"6":3,"7":3,"8":1,"9":1,"10":1,"11":1,"12":1,"13":1,"14":1,"15":0,"16":0,"17":1,"18":0,"19":0,"20":1,"21":0,"22":0,"23":1,"34":1,"36":3,"39":3,"42":3,"43":3,"44":3,"45":3,"48":3,"49":3,"50":15,"51":15,"52":15,"53":15,"54":15,"55":3,"56":3,"57":3},"branchMap":{"0":{"type":"branch","line":5,"loc":{"start":{"line":5,"column":10},"end":{"line":5,"column":45}},"locations":[{"start":{"line":5,"column":10},"end":{"line":5,"column":45}}]},"1":{"type":"branch","line":6,"loc":{"start":{"line":6,"column":2},"end":{"line":8,"column":3}},"locations":[{"start":{"line":6,"column":2},"end":{"line":8,"column":3}}]},"2":{"type":"branch","line":9,"loc":{"start":{"line":9,"column":2},"end":{"line":11,"column":3}},"locations":[{"start":{"line":9,"column":2},"end":{"line":11,"column":3}}]},"3":{"type":"branch","line":12,"loc":{"start":{"line":12,"column":2},"end":{"line":14,"column":3}},"locations":[{"start":{"line":12,"column":2},"end":{"line":14,"column":3}}]},"4":{"type":"branch","line":35,"loc":{"start":{"line":35,"column":7},"end":{"line":58,"column":1}},"locations":[{"start":{"line":35,"column":7},"end":{"line":58,"column":1}}]},"5":{"type":"branch","line":50,"loc":{"start":{"line":50,"column":25},"end":{"line":55,"column":6}},"locations":[{"start":{"line":50,"column":25},"end":{"line":55,"column":6}}]}},"b":{"0":[3],"1":[3],"2":[1],"3":[1],"4":[3],"5":[15]},"fnMap":{"0":{"name":"<instance_members_initializer>","decl":{"start":{"line":5,"column":10},"end":{"line":5,"column":45}},"loc":{"start":{"line":5,"column":10},"end":{"line":5,"column":45}},"line":5},"1":{"name":"clear","decl":{"start":{"line":6,"column":2},"end":{"line":8,"column":3}},"loc":{"start":{"line":6,"column":2},"end":{"line":8,"column":3}},"line":6},"2":{"name":"getItem","decl":{"start":{"line":9,"column":2},"end":{"line":11,"column":3}},"loc":{"start":{"line":9,"column":2},"end":{"line":11,"column":3}},"line":9},"3":{"name":"setItem","decl":{"start":{"line":12,"column":2},"end":{"line":14,"column":3}},"loc":{"start":{"line":12,"column":2},"end":{"line":14,"column":3}},"line":12},"4":{"name":"removeItem","decl":{"start":{"line":15,"column":2},"end":{"line":17,"column":3}},"loc":{"start":{"line":15,"column":2},"end":{"line":17,"column":3}},"line":15},"5":{"name":"get length","decl":{"start":{"line":18,"column":2},"end":{"line":20,"column":3}},"loc":{"start":{"line":18,"column":2},"end":{"line":20,"column":3}},"line":18},"6":{"name":"key","decl":{"start":{"line":21,"column":2},"end":{"line":23,"column":3}},"loc":{"start":{"line":21,"column":2},"end":{"line":23,"column":3}},"line":21},"7":{"name":"setupMockLocalStorage","decl":{"start":{"line":35,"column":7},"end":{"line":58,"column":1}},"loc":{"start":{"line":35,"column":7},"end":{"line":58,"column":1}},"line":35},"8":{"name":"restoreLocalStorage","decl":{"start":{"line":50,"column":25},"end":{"line":55,"column":6}},"loc":{"start":{"line":50,"column":25},"end":{"line":55,"column":6}},"line":50},"9":{"name":"getMockLocalStorage","decl":{"start":{"line":56,"column":25},"end":{"line":56,"column":47}},"loc":{"start":{"line":56,"column":25},"end":{"line":56,"column":47}},"line":56}},"f":{"0":3,"1":3,"2":1,"3":1,"4":0,"5":0,"6":0,"7":3,"8":15,"9":0}}
}
